10 ==> 
11 ==> 
12 ==> Buzz
13 ==> 
14 ==> 
15 ==> Buzz
16 ==> Fizz
17 ==> 
18 ==> Buzz
19 ==> 
20 ==> 
21 ==> Buzz
22 ==> 
23 ==> 
24 ==> BuzzFizz
25 ==> 
26 ==> 
27 ==> Buzz
28 ==> 
29 ==> 
30 ==> Buzz
31 ==> 
32 ==> Fizz
33 ==> Buzz
34 ==> 
35 ==> 
36 ==> Buzz
37 ==> 
38 ==> 
39 ==> Buzz
40 ==> Fizz
41 ==> 
42 ==> Buzz
43 ==> 
44 ==> 
45 ==> Buzz
46 ==> 
47 ==> 
48 ==> BuzzFizz
49 ==> 
50 ==> 
51 ==> Buzz
52 ==> 
53 ==> 
54 ==> Buzz
55 ==> 
56 ==> Fizz
57 ==> Buzz
58 ==> 
59 ==> 
60 ==> Buzz
61 ==> 
62 ==> 
63 ==> Buzz
64 ==> Fizz
65 ==> 
66 ==> Buzz
67 ==> 
68 ==> 
69 ==> Buzz
70 ==> 
71 ==> 
72 ==> BuzzFizz
73 ==> 
74 ==> 
75 ==> Buzz
76 ==> 
77 ==> 
78 ==> Buzz
79 ==> 
80 ==> Fizz
81 ==> Buzz
82 ==> 
83 ==> 
84 ==> Buzz
85 ==> 
86 ==> 
87 ==> Buzz
88 ==> Fizz
89 ==> 
90 ==> Buzz
91 ==> 
92 ==> 
93 ==> Buzz
94 ==> 
95 ==> 
96 ==> BuzzFizz
97 ==> 
98 ==> 
99 ==> Buzz
100 ==> 
101 ==> 
102 ==> Buzz
103 ==> 
104 ==> Fizz
105 ==> Buzz
106 ==> 
107 ==> 
108 ==> Buzz
109 ==> 
110 ==> 
111 ==> Buzz
112 ==> Fizz
113 ==> 
114 ==> Buzz
115 ==> 
116 ==> 
117 ==> Buzz
118 ==> 
119 ==> 
120 ==> BuzzFizz
121 ==> 
122 ==> 
123 ==> Buzz
124 ==> 
125 ==> 
126 ==> Buzz
127 ==> 
128 ==> Fizz
129 ==> Buzz
130 ==> 
131 ==> 
132 ==> Buzz
133 ==> 
134 ==> 
135 ==> Buzz
136 ==> Fizz
137 ==> 
138 ==> Buzz
139 ==> 
140 ==> 
141 ==> Buzz
142 ==> 
143 ==> 
144 ==> BuzzFizz
145 ==> 
146 ==> 
147 ==> Buzz
148 ==> 
149 ==> 
150 ==> Buzz
151 ==> 
152 ==> Fizz
153 ==> Buzz
154 ==> 
155 ==> 
156 ==> Buzz
157 ==> 
158 ==> 
159 ==> Buzz
160 ==> Fizz
161 ==> 
162 ==> Buzz
163 ==> 
164 ==> 
165 ==> Buzz
166 ==> 
167 ==> 
168 ==> BuzzFizz
169 ==> 
170 ==> 
171 ==> Buzz
172 ==> 
173 ==> 
174 ==> Buzz
175 ==> 
176 ==> Fizz
177 ==> Buzz
178 ==> 
179 ==> 
180 ==> Buzz
181 ==> 
182 ==> 
183 ==> Buzz
184 ==> Fizz
185 ==> 
186 ==> Buzz
187 ==> 
188 ==> 
189 ==> Buzz
190 ==> 
191 ==> 
192 ==> BuzzFizz
193 ==> 
194 ==> 
195 ==> Buzz
196 ==> 
197 ==> 
198 ==> Buzz
199 ==> 
200 ==> Fizz
201 ==> Buzz
202 ==> 
203 ==> 
204 ==> Buzz
205 ==> 
206 ==> 
207 ==> Buzz
208 ==> Fizz
209 ==> 
210 ==> Buzz
211 ==> 
212 ==> 
213 ==> Buzz
214 ==> 
215 ==> 
216 ==> BuzzFizz
217 ==> 
218 ==> 
219 ==> Buzz
220 ==> 
221 ==> 
222 ==> Buzz
223 ==> 
224 ==> Fizz
225 ==> Buzz
226 ==> 
227 ==> 
228 ==> Buzz
229 ==> 
230 ==> 
231 ==> Buzz
232 ==> Fizz
233 ==> 
234 ==> Buzz
235 ==> 
236 ==> 
237 ==> Buzz
238 ==> 
239 ==> 
240 ==> BuzzFizz
241 ==> 
242 ==> 
243 ==> Buzz
244 ==> 
245 ==> 
246 ==> Buzz
247 ==> 
248 ==> Fizz
249 ==> Buzz
250 ==> 
251 ==> 
252 ==> Buzz
253 ==> 
254 ==> 
255 ==> Buzz
256 ==> Fizz
257 ==> 
258 ==> Buzz
259 ==> 
260 ==> 
261 ==> Buzz
262 ==> 
263 ==> 
264 ==> BuzzFizz
265 ==> 
266 ==> 
267 ==> Buzz
268 ==> 
269 ==> 
270 ==> Buzz
271 ==> 
272 ==> Fizz
273 ==> Buzz
274 ==> 
275 ==> 
276 ==> Buzz
277 ==> 
278 ==> 
279 ==> Buzz
280 ==> Fizz
281 ==> 
282 ==> Buzz
283 ==> 
284 ==> 
285 ==> Buzz
286 ==> 
287 ==> 
288 ==> BuzzFizz
289 ==> 
290 ==> 
291 ==> Buzz
292 ==> 
293 ==> 
294 ==> Buzz
295 ==> 
296 ==> Fizz
297 ==> Buzz
298 ==> 
299 ==> 
300 ==> Buzz
301 ==> 
302 ==> 
303 ==> Buzz
304 ==> Fizz
305 ==> 
306 ==> Buzz
307 ==> 
308 ==> 
309 ==> Buzz
310 ==> 
311 ==> 
312 ==> BuzzFizz
313 ==> 
314 ==> 
315 ==> Buzz
316 ==> 
317 ==> 
318 ==> Buzz
319 ==> 
320 ==> Fizz
321 ==> Buzz
322 ==> 
323 ==> 
324 ==> Buzz
325 ==> 
326 ==> 
327 ==> Buzz
328 ==> Fizz
329 ==> 
330 ==> Buzz
331 ==> 
332 ==> 
333 ==> Buzz
334 ==> 
335 ==> 
336 ==> BuzzFizz
337 ==> 
338 ==> 
339 ==> Buzz
340 ==> 
341 ==> 
342 ==> Buzz
343 ==> 
344 ==> Fizz
345 ==> Buzz
346 ==> 
347 ==> 
348 ==> Buzz
349 ==> 
350 ==> 
351 ==> Buzz
352 ==> Fizz
353 ==> 
354 ==> Buzz
355 ==> 
356 ==> 
357 ==> Buzz
358 ==> 
359 ==> 
360 ==> BuzzFizz
361 ==> 
362 ==> 
363 ==> Buzz
364 ==> 
365 ==> 
366 ==> Buzz
367 ==> 
368 ==> Fizz
369 ==> Buzz
370 ==> 
371 ==> 
372 ==> Buzz
373 ==> 
374 ==> 
375 ==> Buzz
376 ==> Fizz
377 ==> 
378 ==> Buzz
379 ==> 
380 ==> 
381 ==> Buzz
382 ==> 
383 ==> 
384 ==> BuzzFizz
385 ==> 
386 ==> 
387 ==> Buzz
388 ==> 
389 ==> 
390 ==> Buzz
391 ==> 
392 ==> Fizz
393 ==> Buzz
394 ==> 
395 ==> 
396 ==> Buzz
397 ==> 
398 ==> 
399 ==> Buzz
400 ==> Fizz
401 ==> 
402 ==> Buzz
403 ==> 
404 ==> 
405 ==> Buzz
406 ==> 
407 ==> 
408 ==> BuzzFizz
409 ==> 
410 ==> 
411 ==> Buzz
412 ==> 
413 ==> 
414 ==> Buzz
415 ==> 
416 ==> Fizz
417 ==> Buzz
418 ==> 
419 ==> 
420 ==> Buzz
421 ==> 
422 ==> 
423 ==> Buzz
424 ==> Fizz
425 ==> 
426 ==> Buzz
427 ==> 
428 ==> 
429 ==> Buzz
430 ==> 
431 ==> 
432 ==> BuzzFizz
433 ==> 
434 ==> 
435 ==> Buzz
436 ==> 
437 ==> 
438 ==> Buzz
439 ==> 
440 ==> Fizz
441 ==> Buzz
442 ==> 
443 ==> 
444 ==> Buzz
445 ==> 
446 ==> 
447 ==> Buzz
448 ==> Fizz
449 ==> 
450 ==> Buzz
451 ==> 
452 ==> 
453 ==> Buzz
454 ==> 
455 ==> 
456 ==> BuzzFizz
457 ==> 
458 ==> 
459 ==> Buzz
460 ==> 
461 ==> 
462 ==> Buzz
463 ==> 
464 ==> Fizz
465 ==> Buzz
466 ==> 
467 ==> 
468 ==> Buzz
469 ==> 
470 ==> 
471 ==> Buzz
472 ==> Fizz
473 ==> 
474 ==> Buzz
475 ==> 
476 ==> 
477 ==> Buzz
478 ==> 
479 ==> 
480 ==> BuzzFizz
481 ==> 
482 ==> 
483 ==> Buzz
484 ==> 
485 ==> 
486 ==> Buzz
487 ==> 
488 ==> Fizz
489 ==> Buzz
490 ==> 
491 ==> 
492 ==> Buzz
493 ==> 
494 ==> 
495 ==> Buzz
496 ==> Fizz
497 ==> 
498 ==> Buzz
499 ==> 
500 ==> 
501 ==> Buzz
502 ==> 
503 ==> 
504 ==> BuzzFizz
505 ==> 
506 ==> 
507 ==> Buzz
508 ==> 
509 ==> 
510 ==> Buzz
511 ==> 
512 ==> Fizz
513 ==> Buzz
514 ==> 
515 ==> 
516 ==> Buzz
517 ==> 
518 ==> 
519 ==> Buzz
520 ==> Fizz
521 ==> 
522 ==> Buzz
523 ==> 
524 ==> 
525 ==> Buzz
526 ==> 
527 ==> 
528 ==> BuzzFizz
529 ==> 
530 ==> 
531 ==> Buzz
532 ==> 
533 ==> 
534 ==> Buzz
535 ==> 
536 ==> Fizz
537 ==> Buzz
538 ==> 
539 ==> 
540 ==> Buzz
541 ==> 
542 ==> 
543 ==> Buzz
544 ==> Fizz
545 ==> 
546 ==> Buzz
547 ==> 
548 ==> 
549 ==> Buzz
550 ==> 
551 ==> 
552 ==> BuzzFizz
553 ==> 
554 ==> 
555 ==> Buzz
556 ==> 
557 ==> 
558 ==> Buzz
559 ==> 
560 ==> Fizz
561 ==> Buzz
562 ==> 
563 ==> 
564 ==> Buzz
565 ==> 
566 ==> 
567 ==> Buzz
568 ==> Fizz
569 ==> 
570 ==> Buzz
571 ==> 
572 ==> 
573 ==> Buzz
574 ==> 
575 ==> 
576 ==> BuzzFizz
577 ==> 
578 ==> 
579 ==> Buzz
580 ==> 
581 ==> 
582 ==> Buzz
583 ==> 
584 ==> Fizz
585 ==> Buzz
586 ==> 
587 ==> 
588 ==> Buzz
589 ==> 
590 ==> 
591 ==> Buzz
592 ==> Fizz
593 ==> 
594 ==> Buzz
595 ==> 
596 ==> 
597 ==> Buzz
598 ==> 
599 ==> 
600 ==> BuzzFizz
601 ==> 
602 ==> 
603 ==> Buzz
604 ==> 
605 ==> 
606 ==> Buzz
607 ==> 
608 ==> Fizz
609 ==> Buzz
610 ==> 
611 ==> 
612 ==> Buzz
613 ==> 
614 ==> 
615 ==> Buzz
616 ==> Fizz
617 ==> 
618 ==> Buzz
619 ==> 
620 ==> 
621 ==> Buzz
622 ==> 
623 ==> 
624 ==> BuzzFizz
625 ==> 
626 ==> 
627 ==> Buzz
628 ==> 
629 ==> 
630 ==> Buzz
631 ==> 
632 ==> Fizz
633 ==> Buzz
634 ==> 
635 ==> 
636 ==> Buzz
637 ==> 
638 ==> 
639 ==> Buzz
640 ==> Fizz
641 ==> 
642 ==> Buzz
643 ==> 
644 ==> 
645 ==> Buzz
646 ==> 
647 ==> 
648 ==> BuzzFizz
649 ==> 
650 ==> 
651 ==> Buzz
652 ==> 
653 ==> 
654 ==> Buzz
655 ==> 
656 ==> Fizz
657 ==> Buzz
658 ==> 
659 ==> 
660 ==> Buzz
661 ==> 
662 ==> 
663 ==> Buzz
664 ==> Fizz
665 ==> 
666 ==> Buzz
667 ==> 
668 ==> 
669 ==> Buzz
670 ==> 
671 ==> 
672 ==> BuzzFizz
673 ==> 
674 ==> 
675 ==> Buzz
676 ==> 
677 ==> 
678 ==> Buzz
679 ==> 
680 ==> Fizz
681 ==> Buzz
682 ==> 
683 ==> 
684 ==> Buzz
685 ==> 
686 ==> 
687 ==> Buzz
688 ==> Fizz
689 ==> 
690 ==> Buzz
691 ==> 
692 ==> 
693 ==> Buzz
694 ==> 
695 ==> 
696 ==> BuzzFizz
697 ==> 
698 ==> 
699 ==> Buzz
700 ==> 
701 ==> 
702 ==> Buzz
703 ==> 
704 ==> Fizz
705 ==> Buzz
706 ==> 
707 ==> 
708 ==> Buzz
709 ==> 
710 ==> 
711 ==> Buzz
712 ==> Fizz
713 ==> 
714 ==> Buzz
715 ==> 
716 ==> 
717 ==> Buzz
718 ==> 
719 ==> 
720 ==> BuzzFizz
721 ==> 
722 ==> 
723 ==> Buzz
724 ==> 
725 ==> 
726 ==> Buzz
727 ==> 
728 ==> Fizz
729 ==> Buzz
730 ==> 
731 ==> 
732 ==> Buzz
733 ==> 
734 ==> 
735 ==> Buzz
736 ==> Fizz
737 ==> 
738 ==> Buzz
739 ==> 
740 ==> 
741 ==> Buzz
742 ==> 
743 ==> 
744 ==> BuzzFizz
745 ==> 
746 ==> 
747 ==> Buzz
748 ==> 
749 ==> 
750 ==> Buzz
751 ==> 
752 ==> Fizz
753 ==> Buzz
754 ==> 
755 ==> 
756 ==> Buzz
757 ==> 
758 ==> 
759 ==> Buzz
760 ==> Fizz
761 ==> 
762 ==> Buzz
763 ==> 
764 ==> 
765 ==> Buzz
766 ==> 
767 ==> 
768 ==> BuzzFizz
769 ==> 
770 ==> 
771 ==> Buzz
772 ==> 
773 ==> 
774 ==> Buzz
775 ==> 
776 ==> Fizz
777 ==> Buzz
778 ==> 
779 ==> 
780 ==> Buzz
781 ==> 
782 ==> 
783 ==> Buzz
784 ==> Fizz
785 ==> 
786 ==> Buzz
787 ==> 
788 ==> 
789 ==> Buzz
790 ==> 
791 ==> 
792 ==> BuzzFizz
793 ==> 
794 ==> 
795 ==> Buzz
796 ==> 
797 ==> 
798 ==> Buzz
799 ==> 
800 ==> Fizz
801 ==> Buzz
802 ==> 
803 ==> 
804 ==> Buzz
805 ==> 
806 ==> 
807 ==> Buzz
808 ==> Fizz
809 ==> 
810 ==> Buzz
811 ==> 
812 ==> 
813 ==> Buzz
814 ==> 
815 ==> 
816 ==> BuzzFizz
817 ==> 
818 ==> 
819 ==> Buzz
820 ==> 
821 ==> 
822 ==> Buzz
823 ==> 
824 ==> Fizz
825 ==> Buzz
826 ==> 
827 ==> 
828 ==> Buzz
829 ==> 
830 ==> 
831 ==> Buzz
832 ==> Fizz
833 ==> 
834 ==> Buzz
835 ==> 
836 ==> 
837 ==> Buzz
838 ==> 
839 ==> 
840 ==> BuzzFizz
841 ==> 
842 ==> 
843 ==> Buzz
844 ==> 
845 ==> 
846 ==> Buzz
847 ==> 
848 ==> Fizz
849 ==> Buzz
850 ==> 
851 ==> 
852 ==> Buzz
853 ==> 
854 ==> 
855 ==> Buzz
856 ==> Fizz
857 ==> 
858 ==> Buzz
859 ==> 
860 ==> 
861 ==> Buzz
862 ==> 
863 ==> 
864 ==> BuzzFizz
865 ==> 
866 ==> 
867 ==> Buzz
868 ==> 
869 ==> 
870 ==> Buzz
871 ==> 
872 ==> Fizz
873 ==> Buzz
874 ==> 
875 ==> 
876 ==> Buzz
877 ==> 
878 ==> 
879 ==> Buzz
880 ==> Fizz
881 ==> 
882 ==> Buzz
883 ==> 
884 ==> 
885 ==> Buzz
886 ==> 
887 ==> 
888 ==> BuzzFizz
889 ==> 
890 ==> 
891 ==> Buzz
892 ==> 
893 ==> 
894 ==> Buzz
895 ==> 
896 ==> Fizz
897 ==> Buzz
898 ==> 
899 ==> 
900 ==> Buzz
901 ==> 
902 ==> 
903 ==> Buzz
904 ==> Fizz
905 ==> 
906 ==> Buzz
907 ==> 
908 ==> 
909 ==> Buzz
910 ==> 
911 ==> 
912 ==> BuzzFizz
913 ==> 
914 ==> 
915 ==> Buzz
916 ==> 
917 ==> 
918 ==> Buzz
919 ==> 
920 ==> Fizz
921 ==> Buzz
922 ==> 
923 ==> 
924 ==> Buzz
925 ==> 
926 ==> 
927 ==> Buzz
928 ==> Fizz
929 ==> 
930 ==> Buzz
931 ==> 
932 ==> 
933 ==> Buzz
934 ==> 
935 ==> 
936 ==> BuzzFizz
937 ==> 
938 ==> 
939 ==> Buzz
940 ==> 
941 ==> 
942 ==> Buzz
943 ==> 
944 ==> Fizz
945 ==> Buzz
946 ==> 
947 ==> 
948 ==> Buzz
949 ==> 
950 ==> 
951 ==> Buzz
952 ==> Fizz
953 ==> 
954 ==> Buzz
955 ==> 
956 ==> 
957 ==> Buzz
958 ==> 
959 ==> 
960 ==> BuzzFizz
961 ==> 
962 ==> 
963 ==> Buzz
964 ==> 
965 ==> 
966 ==> Buzz
967 ==> 
968 ==> Fizz
969 ==> Buzz
970 ==> 
971 ==> 
972 ==> Buzz
973 ==> 
974 ==> 
975 ==> Buzz
976 ==> Fizz
977 ==> 
978 ==> Buzz
979 ==> 
980 ==> 
981 ==> Buzz
982 ==> 
983 ==> 
984 ==> BuzzFizz
985 ==> 
986 ==> 
987 ==> Buzz
988 ==> 
989 ==> 
990 ==> Buzz
991 ==> 
992 ==> Fizz
993 ==> Buzz
994 ==> 
995 ==> 
996 ==> Buzz
997 ==> 
998 ==> 
999 ==> Buzz
1000 ==> Fizz
1001 ==> 
1002 ==> Buzz
1003 ==> 
1004 ==> 
1005 ==> Buzz
1006 ==> 
1007 ==> 
1008 ==> BuzzFizz
1009 ==> 
1010 ==> 
1011 ==> Buzz
1012 ==> 
1013 ==> 
1014 ==> Buzz
1015 ==> 
1016 ==> Fizz
1017 ==> Buzz
1018 ==> 
1019 ==> 
1020 ==> Buzz
1021 ==> 
1022 ==> 
1023 ==> Buzz
1024 ==> Fizz
1025 ==> 
1026 ==> Buzz
1027 ==> 
1028 ==> 
1029 ==> Buzz
1030 ==> 
1031 ==> 
1032 ==> BuzzFizz
1033 ==> 
1034 ==> 
1035 ==> Buzz
1036 ==> 
1037 ==> 
1038 ==> Buzz
1039 ==> 
1040 ==> Fizz
1041 ==> Buzz
1042 ==> 
1043 ==> 
1044 ==> Buzz
1045 ==> 
1046 ==> 
1047 ==> Buzz
1048 ==> Fizz
1049 ==> 
1050 ==> Buzz
1051 ==> 
1052 ==> 
1053 ==> Buzz
1054 ==> 
1055 ==> 
1056 ==> BuzzFizz
1057 ==> 
1058 ==> 
1059 ==> Buzz
1060 ==> 
1061 ==> 
1062 ==> Buzz
1063 ==> 
1064 ==> Fizz
1065 ==> Buzz
1066 ==> 
1067 ==> 
1068 ==> Buzz
1069 ==> 
1070 ==> 
1071 ==> Buzz
1072 ==> Fizz
1073 ==> 
1074 ==> Buzz
1075 ==> 
1076 ==> 
1077 ==> Buzz
1078 ==> 
1079 ==> 
1080 ==> BuzzFizz
1081 ==> 
1082 ==> 
1083 ==> Buzz
1084 ==> 
1085 ==> 
1086 ==> Buzz
1087 ==> 
1088 ==> Fizz
1089 ==> Buzz
1090 ==> 
1091 ==> 
1092 ==> Buzz
1093 ==> 
1094 ==> 
1095 ==> Buzz
1096 ==> Fizz
1097 ==> 
1098 ==> Buzz
1099 ==> 
1100 ==> 
1101 ==> Buzz
1102 ==> 
1103 ==> 
1104 ==> BuzzFizz
1105 ==> 
1106 ==> 
1107 ==> Buzz
1108 ==> 
1109 ==> 
1110 ==> Buzz
1111 ==> 
1112 ==> Fizz
1113 ==> Buzz
1114 ==> 
1115 ==> 
1116 ==> Buzz
1117 ==> 
1118 ==> 
1119 ==> Buzz
1120 ==> Fizz
1121 ==> 
1122 ==> Buzz
1123 ==> 
1124 ==> 
1125 ==> Buzz
1126 ==> 
1127 ==> 
1128 ==> BuzzFizz
1129 ==> 
1130 ==> 
1131 ==> Buzz
1132 ==> 
1133 ==> 
1134 ==> Buzz
1135 ==> 
1136 ==> Fizz
1137 ==> Buzz
1138 ==> 
1139 ==> 
1140 ==> Buzz
1141 ==> 
1142 ==> 
1143 ==> Buzz
1144 ==> Fizz
1145 ==> 
1146 ==> Buzz
1147 ==> 
1148 ==> 
1149 ==> Buzz
1150 ==> 
1151 ==> 
1152 ==> BuzzFizz
1153 ==> 
1154 ==> 
1155 ==> Buzz
1156 ==> 
1157 ==> 
1158 ==> Buzz
1159 ==> 
1160 ==> Fizz
1161 ==> Buzz
1162 ==> 
1163 ==> 
1164 ==> Buzz
1165 ==> 
1166 ==> 
1167 ==> Buzz
1168 ==> Fizz
1169 ==> 
1170 ==> Buzz
1171 ==> 
1172 ==> 
1173 ==> Buzz
1174 ==> 
1175 ==> 
1176 ==> BuzzFizz
1177 ==> 
1178 ==> 
1179 ==> Buzz
1180 ==> 
1181 ==> 
1182 ==> Buzz
1183 ==> 
1184 ==> Fizz
1185 ==> Buzz
1186 ==> 
1187 ==> 
1188 ==> Buzz
1189 ==> 
1190 ==> 
1191 ==> Buzz
1192 ==> Fizz
1193 ==> 
1194 ==> Buzz
1195 ==> 
1196 ==> 
1197 ==> Buzz
1198 ==> 
1199 ==> 
1200 ==> BuzzFizz
1201 ==> 
1202 ==> 
1203 ==> Buzz
1204 ==> 
1205 ==> 
1206 ==> Buzz
1207 ==> 
1208 ==> Fizz
1209 ==> Buzz
1210 ==> 
1211 ==> 
1212 ==> Buzz
1213 ==> 
1214 ==> 
1215 ==> Buzz
1216 ==> Fizz
1217 ==> 
1218 ==> Buzz
1219 ==> 
1220 ==> 
1221 ==> Buzz
1222 ==> 
1223 ==> 
1224 ==> BuzzFizz
1225 ==> 
1226 ==> 
1227 ==> Buzz
1228 ==> 
1229 ==> 
1230 ==> Buzz
1231 ==> 
1232 ==> Fizz
1233 ==> Buzz
1234 ==> 
1235 ==> 
1236 ==> Buzz
1237 ==> 
1238 ==> 
1239 ==> Buzz
1240 ==> Fizz
1241 ==> 
1242 ==> Buzz
1243 ==> 
1244 ==> 
1245 ==> Buzz
1246 ==> 
1247 ==> 
1248 ==> BuzzFizz
1249 ==> 
1250 ==> 
1251 ==> Buzz
1252 ==> 
1253 ==> 
1254 ==> Buzz
1255 ==> 
1256 ==> Fizz
1257 ==> Buzz
1258 ==> 
1259 ==> 
1260 ==> Buzz
1261 ==> 
1262 ==> 
1263 ==> Buzz
1264 ==> Fizz
1265 ==> 
1266 ==> Buzz
1267 ==> 
1268 ==> 
1269 ==> Buzz
1270 ==> 
1271 ==> 
1272 ==> BuzzFizz
1273 ==> 
1274 ==> 
1275 ==> Buzz
1276 ==> 
1277 ==> 
1278 ==> Buzz
1279 ==> 
1280 ==> Fizz
1281 ==> Buzz
1282 ==> 
1283 ==> 
1284 ==> Buzz
1285 ==> 
1286 ==> 
1287 ==> Buzz
1288 ==> Fizz
1289 ==> 
1290 ==> Buzz
1291 ==> 
1292 ==> 
1293 ==> Buzz
1294 ==> 
1295 ==> 
1296 ==> BuzzFizz
1297 ==> 
1298 ==> 
1299 ==> Buzz
1300 ==> 
1301 ==> 
1302 ==> Buzz
1303 ==> 
1304 ==> Fizz
1305 ==> Buzz
1306 ==> 
1307 ==> 
1308 ==> Buzz
1309 ==> 
1310 ==> 
1311 ==> Buzz
1312 ==> Fizz
1313 ==> 
1314 ==> Buzz
1315 ==> 
1316 ==> 
1317 ==> Buzz
1318 ==> 
1319 ==> 
1320 ==> BuzzFizz
1321 ==> 
1322 ==> 
1323 ==> Buzz
1324 ==> 
1325 ==> 
1326 ==> Buzz
1327 ==> 
1328 ==> Fizz
1329 ==> Buzz
1330 ==> 
1331 ==> 
1332 ==> Buzz
1333 ==> 
1334 ==> 
1335 ==> Buzz
1336 ==> Fizz
1337 ==> 
1338 ==> Buzz
1339 ==> 
1340 ==> 
1341 ==> Buzz
1342 ==> 
1343 ==> 
1344 ==> BuzzFizz
1345 ==> 
1346 ==> 
1347 ==> Buzz
1348 ==> 
1349 ==> 
1350 ==> Buzz
1351 ==> 
1352 ==> Fizz
1353 ==> Buzz
1354 ==> 
1355 ==> 
1356 ==> Buzz
1357 ==> 
1358 ==> 
1359 ==> Buzz
1360 ==> Fizz
1361 ==> 
1362 ==> Buzz
1363 ==> 
1364 ==> 
1365 ==> Buzz
1366 ==> 
1367 ==> 
1368 ==> BuzzFizz
1369 ==> 
1370 ==> 
1371 ==> Buzz
1372 ==> 
1373 ==> 
1374 ==> Buzz
1375 ==> 
1376 ==> Fizz
1377 ==> Buzz
1378 ==> 
1379 ==> 
1380 ==> Buzz
1381 ==> 
1382 ==> 
1383 ==> Buzz
1384 ==> Fizz
1385 ==> 
1386 ==> Buzz
1387 ==> 
1388 ==> 
1389 ==> Buzz
1390 ==> 
1391 ==> 
1392 ==> BuzzFizz
1393 ==> 
1394 ==> 
1395 ==> Buzz
1396 ==> 
1397 ==> 
1398 ==> Buzz
1399 ==> 
1400 ==> Fizz
1401 ==> Buzz
1402 ==> 
1403 ==> 
1404 ==> Buzz
1405 ==> 
1406 ==> 
1407 ==> Buzz
1408 ==> Fizz
1409 ==> 
1410 ==> Buzz
1411 ==> 
1412 ==> 
1413 ==> Buzz
1414 ==> 
1415 ==> 
1416 ==> BuzzFizz
1417 ==> 
1418 ==> 
1419 ==> Buzz
1420 ==> 
1421 ==> 
1422 ==> Buzz
1423 ==> 
1424 ==> Fizz
1425 ==> Buzz
1426 ==> 
1427 ==> 
1428 ==> Buzz
1429 ==> 
1430 ==> 
1431 ==> Buzz
1432 ==> Fizz
1433 ==> 
1434 ==> Buzz
1435 ==> 
1436 ==> 
1437 ==> Buzz
1438 ==> 
1439 ==> 
1440 ==> BuzzFizz
1441 ==> 
1442 ==> 
1443 ==> Buzz
1444 ==> 
1445 ==> 
1446 ==> Buzz
1447 ==> 
1448 ==> Fizz
1449 ==> Buzz
1450 ==> 
1451 ==> 
1452 ==> Buzz
1453 ==> 
1454 ==> 
1455 ==> Buzz
1456 ==> Fizz
1457 ==> 
1458 ==> Buzz
1459 ==> 
1460 ==> 
1461 ==> Buzz
1462 ==> 
1463 ==> 
1464 ==> BuzzFizz
1465 ==> 
1466 ==> 
1467 ==> Buzz
1468 ==> 
1469 ==> 
1470 ==> Buzz
1471 ==> 
1472 ==> Fizz
1473 ==> Buzz
1474 ==> 
1475 ==> 
1476 ==> Buzz
1477 ==> 
1478 ==> 
1479 ==> Buzz
1480 ==> Fizz
1481 ==> 
1482 ==> Buzz
1483 ==> 
1484 ==> 
1485 ==> Buzz
1486 ==> 
1487 ==> 
1488 ==> BuzzFizz
1489 ==> 
1490 ==> 
1491 ==> Buzz
1492 ==> 
1493 ==> 
1494 ==> Buzz
1495 ==> 
1496 ==> Fizz
1497 ==> Buzz
1498 ==> 
1499 ==> 
1500 ==> Buzz
1501 ==> 
1502 ==> 
1503 ==> Buzz
1504 ==> Fizz
1505 ==> 
1506 ==> Buzz
1507 ==> 
1508 ==> 
1509 ==> Buzz
1510 ==> 
1511 ==> 
1512 ==> BuzzFizz
1513 ==> 
1514 ==> 
1515 ==> Buzz
1516 ==> 
1517 ==> 
1518 ==> Buzz
1519 ==> 
1520 ==> Fizz
1521 ==> Buzz
1522 ==> 
1523 ==> 
1524 ==> Buzz
1525 ==> 
1526 ==> 
1527 ==> Buzz
1528 ==> Fizz
1529 ==> 
1530 ==> Buzz
1531 ==> 
1532 ==> 
1533 ==> Buzz
1534 ==> 
1535 ==> 
1536 ==> BuzzFizz
1537 ==> 
1538 ==> 
1539 ==> Buzz
1540 ==> 
1541 ==> 
1542 ==> Buzz
1543 ==> 
1544 ==> Fizz
1545 ==> Buzz
1546 ==> 
1547 ==> 
1548 ==> Buzz
1549 ==> 
1550 ==> 
1551 ==> Buzz
1552 ==> Fizz
1553 ==> 
1554 ==> Buzz
1555 ==> 
1556 ==> 
1557 ==> Buzz
1558 ==> 
1559 ==> 
1560 ==> BuzzFizz
1561 ==> 
1562 ==> 
1563 ==> Buzz
1564 ==> 
1565 ==> 
1566 ==> Buzz
1567 ==> 
1568 ==> Fizz
1569 ==> Buzz
1570 ==> 
1571 ==> 
1572 ==> Buzz
1573 ==> 
1574 ==> 
1575 ==> Buzz
1576 ==> Fizz
1577 ==> 
1578 ==> Buzz
1579 ==> 
1580 ==> 
1581 ==> Buzz
1582 ==> 
1583 ==> 
1584 ==> BuzzFizz
1585 ==> 
1586 ==> 
1587 ==> Buzz
1588 ==> 
1589 ==> 
1590 ==> Buzz
1591 ==> 
1592 ==> Fizz
1593 ==> Buzz
1594 ==> 
1595 ==> 
1596 ==> Buzz
1597 ==> 
1598 ==> 
1599 ==> Buzz
1600 ==> Fizz
1601 ==> 
1602 ==> Buzz
1603 ==> 
1604 ==> 
1605 ==> Buzz
1606 ==> 
1607 ==> 
1608 ==> BuzzFizz
1609 ==> 
1610 ==> 
1611 ==> Buzz
1612 ==> 
1613 ==> 
1614 ==> Buzz
1615 ==> 
1616 ==> Fizz
1617 ==> Buzz
1618 ==> 
1619 ==> 
1620 ==> Buzz
1621 ==> 
1622 ==> 
1623 ==> Buzz
1624 ==> Fizz
1625 ==> 
1626 ==> Buzz
1627 ==> 
1628 ==> 
1629 ==> Buzz
1630 ==> 
1631 ==> 
1632 ==> BuzzFizz
1633 ==> 
1634 ==> 
1635 ==> Buzz
1636 ==> 
1637 ==> 
1638 ==> Buzz
1639 ==> 
1640 ==> Fizz
1641 ==> Buzz
1642 ==> 
1643 ==> 
1644 ==> Buzz
1645 ==> 
1646 ==> 
1647 ==> Buzz
1648 ==> Fizz
1649 ==> 
1650 ==> Buzz
1651 ==> 
1652 ==> 
1653 ==> Buzz
1654 ==> 
1655 ==> 
1656 ==> BuzzFizz
1657 ==> 
1658 ==> 
1659 ==> Buzz
1660 ==> 
1661 ==> 
1662 ==> Buzz
1663 ==> 
1664 ==> Fizz
1665 ==> Buzz
1666 ==> 
1667 ==> 
1668 ==> Buzz
1669 ==> 
1670 ==> 
1671 ==> Buzz
1672 ==> Fizz
1673 ==> 
1674 ==> Buzz
1675 ==> 
1676 ==> 
1677 ==> Buzz
1678 ==> 
1679 ==> 
1680 ==> BuzzFizz
1681 ==> 
1682 ==> 
1683 ==> Buzz
1684 ==> 
1685 ==> 
1686 ==> Buzz
1687 ==> 
1688 ==> Fizz
1689 ==> Buzz
1690 ==> 
1691 ==> 
1692 ==> Buzz
1693 ==> 
1694 ==> 
1695 ==> Buzz
1696 ==> Fizz
1697 ==> 
1698 ==> Buzz
1699 ==> 
1700 ==> 
1701 ==> Buzz
1702 ==> 
1703 ==> 
1704 ==> BuzzFizz
1705 ==> 
1706 ==> 
1707 ==> Buzz
1708 ==> 
1709 ==> 
1710 ==> Buzz
1711 ==> 
1712 ==> Fizz
1713 ==> Buzz
1714 ==> 
1715 ==> 
1716 ==> Buzz
1717 ==> 
1718 ==> 
1719 ==> Buzz
1720 ==> Fizz
1721 ==> 
1722 ==> Buzz
1723 ==> 
1724 ==> 
1725 ==> Buzz
1726 ==> 
1727 ==> 
1728 ==> BuzzFizz
1729 ==> 
1730 ==> 
1731 ==> Buzz
1732 ==> 
1733 ==> 
1734 ==> Buzz
1735 ==> 
1736 ==> Fizz
1737 ==> Buzz
1738 ==> 
1739 ==> 
1740 ==> Buzz
1741 ==> 
1742 ==> 
1743 ==> Buzz
1744 ==> Fizz
1745 ==> 
1746 ==> Buzz
1747 ==> 
1748 ==> 
1749 ==> Buzz
1750 ==> 
1751 ==> 
1752 ==> BuzzFizz
1753 ==> 
1754 ==> 
1755 ==> Buzz
1756 ==> 
1757 ==> 
1758 ==> Buzz
1759 ==> 
1760 ==> Fizz
1761 ==> Buzz
1762 ==> 
1763 ==> 
1764 ==> Buzz
1765 ==> 
1766 ==> 
1767 ==> Buzz
1768 ==> Fizz
1769 ==> 
1770 ==> Buzz
1771 ==> 
1772 ==> 
1773 ==> Buzz
1774 ==> 
1775 ==> 
1776 ==> BuzzFizz
1777 ==> 
1778 ==> 
1779 ==> Buzz
1780 ==> 
1781 ==> 
1782 ==> Buzz
1783 ==> 
1784 ==> Fizz
1785 ==> Buzz
1786 ==> 
1787 ==> 
1788 ==> Buzz
1789 ==> 
1790 ==> 
1791 ==> Buzz
1792 ==> Fizz
1793 ==> 
1794 ==> Buzz
1795 ==> 
1796 ==> 
1797 ==> Buzz
1798 ==> 
1799 ==> 
1800 ==> BuzzFizz
1801 ==> 
1802 ==> 
1803 ==> Buzz
1804 ==> 
1805 ==> 
1806 ==> Buzz
1807 ==> 
1808 ==> Fizz
1809 ==> Buzz
1810 ==> 
1811 ==> 
1812 ==> Buzz
1813 ==> 
1814 ==> 
1815 ==> Buzz
1816 ==> Fizz
1817 ==> 
1818 ==> Buzz
1819 ==> 
1820 ==> 
1821 ==> Buzz
1822 ==> 
1823 ==> 
1824 ==> BuzzFizz
1825 ==> 
1826 ==> 
1827 ==> Buzz
1828 ==> 
1829 ==> 
1830 ==> Buzz
1831 ==> 
1832 ==> Fizz
1833 ==> Buzz
1834 ==> 
1835 ==> 
1836 ==> Buzz
1837 ==> 
1838 ==> 
1839 ==> Buzz
1840 ==> Fizz
1841 ==> 
1842 ==> Buzz
1843 ==> 
1844 ==> 
1845 ==> Buzz
1846 ==> 
1847 ==> 
1848 ==> BuzzFizz
1849 ==> 
1850 ==> 
1851 ==> Buzz
1852 ==> 
1853 ==> 
1854 ==> Buzz
1855 ==> 
1856 ==> Fizz
1857 ==> Buzz
1858 ==> 
1859 ==> 
1860 ==> Buzz
1861 ==> 
1862 ==> 
1863 ==> Buzz
1864 ==> Fizz
1865 ==> 
1866 ==> Buzz
1867 ==> 
1868 ==> 
1869 ==> Buzz
1870 ==> 
1871 ==> 
1872 ==> BuzzFizz
1873 ==> 
1874 ==> 
1875 ==> Buzz
1876 ==> 
1877 ==> 
1878 ==> Buzz
1879 ==> 
1880 ==> Fizz
1881 ==> Buzz
1882 ==> 
1883 ==> 
1884 ==> Buzz
1885 ==> 
1886 ==> 
1887 ==> Buzz
1888 ==> Fizz
1889 ==> 
1890 ==> Buzz
1891 ==> 
1892 ==> 
1893 ==> Buzz
1894 ==> 
1895 ==> 
1896 ==> BuzzFizz
1897 ==> 
1898 ==> 
1899 ==> Buzz
1900 ==> 
1901 ==> 
1902 ==> Buzz
1903 ==> 
1904 ==> Fizz
1905 ==> Buzz
1906 ==> 
1907 ==> 
1908 ==> Buzz
1909 ==> 
1910 ==> 
1911 ==> Buzz
1912 ==> Fizz
1913 ==> 
1914 ==> Buzz
1915 ==> 
1916 ==> 
1917 ==> Buzz
1918 ==> 
1919 ==> 
1920 ==> BuzzFizz
1921 ==> 
1922 ==> 
1923 ==> Buzz
1924 ==> 
1925 ==> 
1926 ==> Buzz
1927 ==> 
1928 ==> Fizz
1929 ==> Buzz
1930 ==> 
1931 ==> 
1932 ==> Buzz
1933 ==> 
1934 ==> 
1935 ==> Buzz
1936 ==> Fizz
1937 ==> 
1938 ==> Buzz
1939 ==> 
1940 ==> 
1941 ==> Buzz
1942 ==> 
1943 ==> 
1944 ==> BuzzFizz
1945 ==> 
1946 ==> 
1947 ==> Buzz
1948 ==> 
1949 ==> 
1950 ==> Buzz
1951 ==> 
1952 ==> Fizz
1953 ==> Buzz
1954 ==> 
1955 ==> 
1956 ==> Buzz
1957 ==> 
1958 ==> 
1959 ==> Buzz
1960 ==> Fizz
1961 ==> 
1962 ==> Buzz
1963 ==> 
1964 ==> 
1965 ==> Buzz
1966 ==> 
1967 ==> 
1968 ==> BuzzFizz
1969 ==> 
1970 ==> 
1971 ==> Buzz
1972 ==> 
1973 ==> 
1974 ==> Buzz
1975 ==> 
1976 ==> Fizz
1977 ==> Buzz
1978 ==> 
1979 ==> 
1980 ==> Buzz
1981 ==> 
1982 ==> 
1983 ==> Buzz
1984 ==> Fizz
1985 ==> 
1986 ==> Buzz
1987 ==> 
1988 ==> 
1989 ==> Buzz
1990 ==> 
1991 ==> 
1992 ==> BuzzFizz
1993 ==> 
1994 ==> 
1995 ==> Buzz
1996 ==> 
1997 ==> 
1998 ==> Buzz
1999 ==> 
2000 ==> Fizz
2001 ==> Buzz
2002 ==> 
2003 ==> 
2004 ==> Buzz
2005 ==> 
2006 ==> 
2007 ==> Buzz
2008 ==> Fizz
2009 ==> 
2010 ==> Buzz
2011 ==> 
2012 ==> 
2013 ==> Buzz
2014 ==> 
2015 ==> 
2016 ==> BuzzFizz
2017 ==> 
2018 ==> 
2019 ==> Buzz
2020 ==> 
2021 ==> 
2022 ==> Buzz
2023 ==> 
2024 ==> Fizz
2025 ==> Buzz
2026 ==> 
2027 ==> 
2028 ==> Buzz
2029 ==> 
2030 ==> 
2031 ==> Buzz
2032 ==> Fizz
2033 ==> 
2034 ==> Buzz
2035 ==> 
2036 ==> 
2037 ==> Buzz
2038 ==> 
2039 ==> 
2040 ==> BuzzFizz
2041 ==> 
2042 ==> 
2043 ==> Buzz
2044 ==> 
2045 ==> 
2046 ==> Buzz
2047 ==> 
2048 ==> Fizz
2049 ==> Buzz
2050 ==> 
2051 ==> 
2052 ==> Buzz
2053 ==> 
2054 ==> 
2055 ==> Buzz
2056 ==> Fizz
2057 ==> 
2058 ==> Buzz
2059 ==> 
2060 ==> 
2061 ==> Buzz
2062 ==> 
2063 ==> 
2064 ==> BuzzFizz
2065 ==> 
2066 ==> 
2067 ==> Buzz
2068 ==> 
2069 ==> 
2070 ==> Buzz
2071 ==> 
2072 ==> Fizz
2073 ==> Buzz
2074 ==> 
2075 ==> 
2076 ==> Buzz
2077 ==> 
2078 ==> 
2079 ==> Buzz
2080 ==> Fizz
2081 ==> 
2082 ==> Buzz
2083 ==> 
2084 ==> 
2085 ==> Buzz
2086 ==> 
2087 ==> 
2088 ==> BuzzFizz
2089 ==> 
2090 ==> 
2091 ==> Buzz
2092 ==> 
2093 ==> 
2094 ==> Buzz
2095 ==> 
2096 ==> Fizz
2097 ==> Buzz
2098 ==> 
2099 ==> 
2100 ==> Buzz
2101 ==> 
2102 ==> 
2103 ==> Buzz
2104 ==> Fizz
2105 ==> 
2106 ==> Buzz
2107 ==> 
2108 ==> 
2109 ==> Buzz
2110 ==> 
2111 ==> 
2112 ==> BuzzFizz
2113 ==> 
2114 ==> 
2115 ==> Buzz
2116 ==> 
2117 ==> 
2118 ==> Buzz
2119 ==> 
2120 ==> Fizz
2121 ==> Buzz
2122 ==> 
2123 ==> 
2124 ==> Buzz
2125 ==> 
2126 ==> 
2127 ==> Buzz
2128 ==> Fizz
2129 ==> 
2130 ==> Buzz
2131 ==> 
2132 ==> 
2133 ==> Buzz
2134 ==> 
2135 ==> 
2136 ==> BuzzFizz
2137 ==> 
2138 ==> 
2139 ==> Buzz
2140 ==> 
2141 ==> 
2142 ==> Buzz
2143 ==> 
2144 ==> Fizz
2145 ==> Buzz
2146 ==> 
2147 ==> 
2148 ==> Buzz
2149 ==> 
2150 ==> 
2151 ==> Buzz
2152 ==> Fizz
2153 ==> 
2154 ==> Buzz
2155 ==> 
2156 ==> 
2157 ==> Buzz
2158 ==> 
2159 ==> 
2160 ==> BuzzFizz
2161 ==> 
2162 ==> 
2163 ==> Buzz
2164 ==> 
2165 ==> 
2166 ==> Buzz
2167 ==> 
2168 ==> Fizz
2169 ==> Buzz
2170 ==> 
2171 ==> 
2172 ==> Buzz
2173 ==> 
2174 ==> 
2175 ==> Buzz
2176 ==> Fizz
2177 ==> 
2178 ==> Buzz
2179 ==> 
2180 ==> 
2181 ==> Buzz
2182 ==> 
2183 ==> 
2184 ==> BuzzFizz
2185 ==> 
2186 ==> 
2187 ==> Buzz
2188 ==> 
2189 ==> 
2190 ==> Buzz
2191 ==> 
2192 ==> Fizz
2193 ==> Buzz
2194 ==> 
2195 ==> 
2196 ==> Buzz
2197 ==> 
2198 ==> 
2199 ==> Buzz
2200 ==> Fizz
2201 ==> 
2202 ==> Buzz
2203 ==> 
2204 ==> 
2205 ==> Buzz
2206 ==> 
2207 ==> 
2208 ==> BuzzFizz
2209 ==> 
2210 ==> 
2211 ==> Buzz
2212 ==> 
2213 ==> 
2214 ==> Buzz
2215 ==> 
2216 ==> Fizz
2217 ==> Buzz
2218 ==> 
2219 ==> 
2220 ==> Buzz
2221 ==> 
2222 ==> 
2223 ==> Buzz
2224 ==> Fizz
2225 ==> 
2226 ==> Buzz
2227 ==> 
2228 ==> 
2229 ==> Buzz
2230 ==> 
2231 ==> 
2232 ==> BuzzFizz
2233 ==> 
2234 ==> 
2235 ==> Buzz
2236 ==> 
2237 ==> 
2238 ==> Buzz
2239 ==> 
2240 ==> Fizz
2241 ==> Buzz
2242 ==> 
2243 ==> 
2244 ==> Buzz
2245 ==> 
2246 ==> 
2247 ==> Buzz
2248 ==> Fizz
2249 ==> 
2250 ==> Buzz
2251 ==> 
2252 ==> 
2253 ==> Buzz
2254 ==> 
2255 ==> 
2256 ==> BuzzFizz
2257 ==> 
2258 ==> 
2259 ==> Buzz
2260 ==> 
2261 ==> 
2262 ==> Buzz
2263 ==> 
2264 ==> Fizz
2265 ==> Buzz
2266 ==> 
2267 ==> 
2268 ==> Buzz
2269 ==> 
2270 ==> 
2271 ==> Buzz
2272 ==> Fizz
2273 ==> 
2274 ==> Buzz
2275 ==> 
2276 ==> 
2277 ==> Buzz
2278 ==> 
2279 ==> 
2280 ==> BuzzFizz
2281 ==> 
2282 ==> 
2283 ==> Buzz
2284 ==> 
2285 ==> 
2286 ==> Buzz
2287 ==> 
2288 ==> Fizz
2289 ==> Buzz
2290 ==> 
2291 ==> 
2292 ==> Buzz
2293 ==> 
2294 ==> 
2295 ==> Buzz
2296 ==> Fizz
2297 ==> 
2298 ==> Buzz
2299 ==> 
2300 ==> 
2301 ==> Buzz
2302 ==> 
2303 ==> 
2304 ==> BuzzFizz
2305 ==> 
2306 ==> 
2307 ==> Buzz
2308 ==> 
2309 ==> 
2310 ==> Buzz
2311 ==> 
2312 ==> Fizz
2313 ==> Buzz
2314 ==> 
2315 ==> 
2316 ==> Buzz
2317 ==> 
2318 ==> 
2319 ==> Buzz
2320 ==> Fizz
2321 ==> 
2322 ==> Buzz
2323 ==> 
2324 ==> 
2325 ==> Buzz
2326 ==> 
2327 ==> 
2328 ==> BuzzFizz
2329 ==> 
2330 ==> 
2331 ==> Buzz
2332 ==> 
2333 ==> 
2334 ==> Buzz
2335 ==> 
2336 ==> Fizz
2337 ==> Buzz
2338 ==> 
2339 ==> 
2340 ==> Buzz
2341 ==> 
2342 ==> 
2343 ==> Buzz
2344 ==> Fizz
2345 ==> 
2346 ==> Buzz
2347 ==> 
2348 ==> 
2349 ==> Buzz
2350 ==> 
2351 ==> 
2352 ==> BuzzFizz
2353 ==> 
2354 ==> 
2355 ==> Buzz
2356 ==> 
2357 ==> 
2358 ==> Buzz
2359 ==> 
2360 ==> Fizz
2361 ==> Buzz
2362 ==> 
2363 ==> 
2364 ==> Buzz
2365 ==> 
2366 ==> 
2367 ==> Buzz
2368 ==> Fizz
2369 ==> 
2370 ==> Buzz
2371 ==> 
2372 ==> 
2373 ==> Buzz
2374 ==> 
2375 ==> 
2376 ==> BuzzFizz
2377 ==> 
2378 ==> 
2379 ==> Buzz
2380 ==> 
2381 ==> 
2382 ==> Buzz
2383 ==> 
2384 ==> Fizz
2385 ==> Buzz
2386 ==> 
2387 ==> 
2388 ==> Buzz
2389 ==> 
2390 ==> 
2391 ==> Buzz
2392 ==> Fizz
2393 ==> 
2394 ==> Buzz
2395 ==> 
2396 ==> 
2397 ==> Buzz
2398 ==> 
2399 ==> 
2400 ==> BuzzFizz
2401 ==> 
2402 ==> 
2403 ==> Buzz
2404 ==> 
2405 ==> 
2406 ==> Buzz
2407 ==> 
2408 ==> Fizz
2409 ==> Buzz
2410 ==> 
2411 ==> 
2412 ==> Buzz
2413 ==> 
2414 ==> 
2415 ==> Buzz
2416 ==> Fizz
2417 ==> 
2418 ==> Buzz
2419 ==> 
2420 ==> 
2421 ==> Buzz
2422 ==> 
2423 ==> 
2424 ==> BuzzFizz
2425 ==> 
2426 ==> 
2427 ==> Buzz
2428 ==> 
2429 ==> 
2430 ==> Buzz
2431 ==> 
2432 ==> Fizz
2433 ==> Buzz
2434 ==> 
2435 ==> 
2436 ==> Buzz
2437 ==> 
2438 ==> 
2439 ==> Buzz
2440 ==> Fizz
2441 ==> 
2442 ==> Buzz
2443 ==> 
2444 ==> 
2445 ==> Buzz
2446 ==> 
2447 ==> 
2448 ==> BuzzFizz
2449 ==> 
2450 ==> 
2451 ==> Buzz
2452 ==> 
2453 ==> 
2454 ==> Buzz
2455 ==> 
2456 ==> Fizz
2457 ==> Buzz
2458 ==> 
2459 ==> 
2460 ==> Buzz
2461 ==> 
2462 ==> 
2463 ==> Buzz
2464 ==> Fizz
2465 ==> 
2466 ==> Buzz
2467 ==> 
2468 ==> 
2469 ==> Buzz
2470 ==> 
2471 ==> 
2472 ==> BuzzFizz
2473 ==> 
2474 ==> 
2475 ==> Buzz
2476 ==> 
2477 ==> 
2478 ==> Buzz
2479 ==> 
2480 ==> Fizz
2481 ==> Buzz
2482 ==> 
2483 ==> 
2484 ==> Buzz
2485 ==> 
2486 ==> 
2487 ==> Buzz
2488 ==> Fizz
2489 ==> 
2490 ==> Buzz
2491 ==> 
2492 ==> 
2493 ==> Buzz
2494 ==> 
2495 ==> 
2496 ==> BuzzFizz
2497 ==> 
2498 ==> 
2499 ==> Buzz
2500 ==> 
2501 ==> 
2502 ==> Buzz
2503 ==> 
2504 ==> Fizz
2505 ==> Buzz
2506 ==> 
2507 ==> 
2508 ==> Buzz
2509 ==> 
2510 ==> 
2511 ==> Buzz
2512 ==> Fizz
2513 ==> 
2514 ==> Buzz
2515 ==> 
2516 ==> 
2517 ==> Buzz
2518 ==> 
2519 ==> 
2520 ==> BuzzFizz
2521 ==> 
2522 ==> 
2523 ==> Buzz
2524 ==> 
2525 ==> 
2526 ==> Buzz
2527 ==> 
2528 ==> Fizz
2529 ==> Buzz
2530 ==> 
2531 ==> 
2532 ==> Buzz
2533 ==> 
2534 ==> 
2535 ==> Buzz
2536 ==> Fizz
2537 ==> 
2538 ==> Buzz
2539 ==> 
2540 ==> 
2541 ==> Buzz
2542 ==> 
2543 ==> 
2544 ==> BuzzFizz
2545 ==> 
2546 ==> 
2547 ==> Buzz
2548 ==> 
2549 ==> 
2550 ==> Buzz
2551 ==> 
2552 ==> Fizz
2553 ==> Buzz
2554 ==> 
2555 ==> 
2556 ==> Buzz
2557 ==> 
2558 ==> 
2559 ==> Buzz
2560 ==> Fizz
2561 ==> 
2562 ==> Buzz
2563 ==> 
2564 ==> 
2565 ==> Buzz
2566 ==> 
2567 ==> 
2568 ==> BuzzFizz
2569 ==> 
2570 ==> 
2571 ==> Buzz
2572 ==> 
2573 ==> 
2574 ==> Buzz
2575 ==> 
2576 ==> Fizz
2577 ==> Buzz
2578 ==> 
2579 ==> 
2580 ==> Buzz
2581 ==> 
2582 ==> 
2583 ==> Buzz
2584 ==> Fizz
2585 ==> 
2586 ==> Buzz
2587 ==> 
2588 ==> 
2589 ==> Buzz
2590 ==> 
2591 ==> 
2592 ==> BuzzFizz
2593 ==> 
2594 ==> 
2595 ==> Buzz
2596 ==> 
2597 ==> 
2598 ==> Buzz
2599 ==> 
2600 ==> Fizz
2601 ==> Buzz
2602 ==> 
2603 ==> 
2604 ==> Buzz
2605 ==> 
2606 ==> 
2607 ==> Buzz
2608 ==> Fizz
2609 ==> 
2610 ==> Buzz
2611 ==> 
2612 ==> 
2613 ==> Buzz
2614 ==> 
2615 ==> 
2616 ==> BuzzFizz
2617 ==> 
2618 ==> 
2619 ==> Buzz
2620 ==> 
2621 ==> 
2622 ==> Buzz
2623 ==> 
2624 ==> Fizz
2625 ==> Buzz
2626 ==> 
2627 ==> 
2628 ==> Buzz
2629 ==> 
2630 ==> 
2631 ==> Buzz
2632 ==> Fizz
2633 ==> 
2634 ==> Buzz
2635 ==> 
2636 ==> 
2637 ==> Buzz
2638 ==> 
2639 ==> 
2640 ==> BuzzFizz
2641 ==> 
2642 ==> 
2643 ==> Buzz
2644 ==> 
2645 ==> 
2646 ==> Buzz
2647 ==> 
2648 ==> Fizz
2649 ==> Buzz
2650 ==> 
2651 ==> 
2652 ==> Buzz
2653 ==> 
2654 ==> 
2655 ==> Buzz
2656 ==> Fizz
2657 ==> 
2658 ==> Buzz
2659 ==> 
2660 ==> 
2661 ==> Buzz
2662 ==> 
2663 ==> 
2664 ==> BuzzFizz
2665 ==> 
2666 ==> 
2667 ==> Buzz
2668 ==> 
2669 ==> 
2670 ==> Buzz
2671 ==> 
2672 ==> Fizz
2673 ==> Buzz
2674 ==> 
2675 ==> 
2676 ==> Buzz
2677 ==> 
2678 ==> 
2679 ==> Buzz
2680 ==> Fizz
2681 ==> 
2682 ==> Buzz
2683 ==> 
2684 ==> 
2685 ==> Buzz
2686 ==> 
2687 ==> 
2688 ==> BuzzFizz
2689 ==> 
2690 ==> 
2691 ==> Buzz
2692 ==> 
2693 ==> 
2694 ==> Buzz
2695 ==> 
2696 ==> Fizz
2697 ==> Buzz
2698 ==> 
2699 ==> 
2700 ==> Buzz
2701 ==> 
2702 ==> 
2703 ==> Buzz
2704 ==> Fizz
2705 ==> 
2706 ==> Buzz
2707 ==> 
2708 ==> 
2709 ==> Buzz
2710 ==> 
2711 ==> 
2712 ==> BuzzFizz
2713 ==> 
2714 ==> 
2715 ==> Buzz
2716 ==> 
2717 ==> 
2718 ==> Buzz
2719 ==> 
2720 ==> Fizz
2721 ==> Buzz
2722 ==> 
2723 ==> 
2724 ==> Buzz
2725 ==> 
2726 ==> 
2727 ==> Buzz
2728 ==> Fizz
2729 ==> 
2730 ==> Buzz
2731 ==> 
2732 ==> 
2733 ==> Buzz
2734 ==> 
2735 ==> 
2736 ==> BuzzFizz
2737 ==> 
2738 ==> 
2739 ==> Buzz
2740 ==> 
2741 ==> 
2742 ==> Buzz
2743 ==> 
2744 ==> Fizz
2745 ==> Buzz
2746 ==> 
2747 ==> 
2748 ==> Buzz
2749 ==> 
2750 ==> 
2751 ==> Buzz
2752 ==> Fizz
2753 ==> 
2754 ==> Buzz
2755 ==> 
2756 ==> 
2757 ==> Buzz
2758 ==> 
2759 ==> 
2760 ==> BuzzFizz
2761 ==> 
2762 ==> 
2763 ==> Buzz
2764 ==> 
2765 ==> 
2766 ==> Buzz
2767 ==> 
2768 ==> Fizz
2769 ==> Buzz
2770 ==> 
2771 ==> 
2772 ==> Buzz
2773 ==> 
2774 ==> 
2775 ==> Buzz
2776 ==> Fizz
2777 ==> 
2778 ==> Buzz
2779 ==> 
2780 ==> 
2781 ==> Buzz
2782 ==> 
2783 ==> 
2784 ==> BuzzFizz
2785 ==> 
2786 ==> 
2787 ==> Buzz
2788 ==> 
2789 ==> 
2790 ==> Buzz
2791 ==> 
2792 ==> Fizz
2793 ==> Buzz
2794 ==> 
2795 ==> 
2796 ==> Buzz
2797 ==> 
2798 ==> 
2799 ==> Buzz
2800 ==> Fizz
2801 ==> 
2802 ==> Buzz
2803 ==> 
2804 ==> 
2805 ==> Buzz
2806 ==> 
2807 ==> 
2808 ==> BuzzFizz
2809 ==> 
2810 ==> 
2811 ==> Buzz
2812 ==> 
2813 ==> 
2814 ==> Buzz
2815 ==> 
2816 ==> Fizz
2817 ==> Buzz
2818 ==> 
2819 ==> 
2820 ==> Buzz
2821 ==> 
2822 ==> 
2823 ==> Buzz
2824 ==> Fizz
2825 ==> 
2826 ==> Buzz
2827 ==> 
2828 ==> 
2829 ==> Buzz
2830 ==> 
2831 ==> 
2832 ==> BuzzFizz
2833 ==> 
2834 ==> 
2835 ==> Buzz
2836 ==> 
2837 ==> 
2838 ==> Buzz
2839 ==> 
2840 ==> Fizz
2841 ==> Buzz
2842 ==> 
2843 ==> 
2844 ==> Buzz
2845 ==> 
2846 ==> 
2847 ==> Buzz
2848 ==> Fizz
2849 ==> 
2850 ==> Buzz
2851 ==> 
2852 ==> 
2853 ==> Buzz
2854 ==> 
2855 ==> 
2856 ==> BuzzFizz
2857 ==> 
2858 ==> 
2859 ==> Buzz
2860 ==> 
2861 ==> 
2862 ==> Buzz
2863 ==> 
2864 ==> Fizz
2865 ==> Buzz
2866 ==> 
2867 ==> 
2868 ==> Buzz
2869 ==> 
2870 ==> 
2871 ==> Buzz
2872 ==> Fizz
2873 ==> 
2874 ==> Buzz
2875 ==> 
2876 ==> 
2877 ==> Buzz
2878 ==> 
2879 ==> 
2880 ==> BuzzFizz
2881 ==> 
2882 ==> 
2883 ==> Buzz
2884 ==> 
2885 ==> 
2886 ==> Buzz
2887 ==> 
2888 ==> Fizz
2889 ==> Buzz
2890 ==> 
2891 ==> 
2892 ==> Buzz
2893 ==> 
2894 ==> 
2895 ==> Buzz
2896 ==> Fizz
2897 ==> 
2898 ==> Buzz
2899 ==> 
2900 ==> 
2901 ==> Buzz
2902 ==> 
2903 ==> 
2904 ==> BuzzFizz
2905 ==> 
2906 ==> 
2907 ==> Buzz
2908 ==> 
2909 ==> 
2910 ==> Buzz
2911 ==> 
2912 ==> Fizz
2913 ==> Buzz
2914 ==> 
2915 ==> 
2916 ==> Buzz
2917 ==> 
2918 ==> 
2919 ==> Buzz
2920 ==> Fizz
2921 ==> 
2922 ==> Buzz
2923 ==> 
2924 ==> 
2925 ==> Buzz
2926 ==> 
2927 ==> 
2928 ==> BuzzFizz
2929 ==> 
2930 ==> 
2931 ==> Buzz
2932 ==> 
2933 ==> 
2934 ==> Buzz
2935 ==> 
2936 ==> Fizz
2937 ==> Buzz
2938 ==> 
2939 ==> 
2940 ==> Buzz
2941 ==> 
2942 ==> 
2943 ==> Buzz
2944 ==> Fizz
2945 ==> 
2946 ==> Buzz
2947 ==> 
2948 ==> 
2949 ==> Buzz
2950 ==> 
2951 ==> 
2952 ==> BuzzFizz
2953 ==> 
2954 ==> 
2955 ==> Buzz
2956 ==> 
2957 ==> 
2958 ==> Buzz
2959 ==> 
2960 ==> Fizz
2961 ==> Buzz
2962 ==> 
2963 ==> 
2964 ==> Buzz
2965 ==> 
2966 ==> 
2967 ==> Buzz
2968 ==> Fizz
2969 ==> 
2970 ==> Buzz
2971 ==> 
2972 ==> 
2973 ==> Buzz
2974 ==> 
2975 ==> 
2976 ==> BuzzFizz
2977 ==> 
2978 ==> 
2979 ==> Buzz
2980 ==> 
2981 ==> 
2982 ==> Buzz
2983 ==> 
2984 ==> Fizz
2985 ==> Buzz
2986 ==> 
2987 ==> 
2988 ==> Buzz
2989 ==> 
2990 ==> 
2991 ==> Buzz
2992 ==> Fizz
2993 ==> 
2994 ==> Buzz
2995 ==> 
2996 ==> 
2997 ==> Buzz
2998 ==> 
2999 ==> 
3000 ==> BuzzFizz
3001 ==> 
3002 ==> 
3003 ==> Buzz
3004 ==> 
3005 ==> 
3006 ==> Buzz
3007 ==> 
3008 ==> Fizz
3009 ==> Buzz
3010 ==> 
3011 ==> 
3012 ==> Buzz
3013 ==> 
3014 ==> 
3015 ==> Buzz
3016 ==> Fizz
3017 ==> 
3018 ==> Buzz
3019 ==> 
3020 ==> 
3021 ==> Buzz
3022 ==> 
3023 ==> 
3024 ==> BuzzFizz
3025 ==> 
3026 ==> 
3027 ==> Buzz
3028 ==> 
3029 ==> 
3030 ==> Buzz
3031 ==> 
3032 ==> Fizz
3033 ==> Buzz
3034 ==> 
3035 ==> 
3036 ==> Buzz
3037 ==> 
3038 ==> 
3039 ==> Buzz
3040 ==> Fizz
3041 ==> 
3042 ==> Buzz
3043 ==> 
3044 ==> 
3045 ==> Buzz
3046 ==> 
3047 ==> 
3048 ==> BuzzFizz
3049 ==> 
3050 ==> 
3051 ==> Buzz
3052 ==> 
3053 ==> 
3054 ==> Buzz
3055 ==> 
3056 ==> Fizz
3057 ==> Buzz
3058 ==> 
3059 ==> 
3060 ==> Buzz
3061 ==> 
3062 ==> 
3063 ==> Buzz
3064 ==> Fizz
3065 ==> 
3066 ==> Buzz
3067 ==> 
3068 ==> 
3069 ==> Buzz
3070 ==> 
3071 ==> 
3072 ==> BuzzFizz
3073 ==> 
3074 ==> 
3075 ==> Buzz
3076 ==> 
3077 ==> 
3078 ==> Buzz
3079 ==> 
3080 ==> Fizz
3081 ==> Buzz
3082 ==> 
3083 ==> 
3084 ==> Buzz
3085 ==> 
3086 ==> 
3087 ==> Buzz
3088 ==> Fizz
3089 ==> 
3090 ==> Buzz
3091 ==> 
3092 ==> 
3093 ==> Buzz
3094 ==> 
3095 ==> 
3096 ==> BuzzFizz
3097 ==> 
3098 ==> 
3099 ==> Buzz
3100 ==> 
3101 ==> 
3102 ==> Buzz
3103 ==> 
3104 ==> Fizz
3105 ==> Buzz
3106 ==> 
3107 ==> 
3108 ==> Buzz
3109 ==> 
3110 ==> 
3111 ==> Buzz
3112 ==> Fizz
3113 ==> 
3114 ==> Buzz
3115 ==> 
3116 ==> 
3117 ==> Buzz
3118 ==> 
3119 ==> 
3120 ==> BuzzFizz
3121 ==> 
3122 ==> 
3123 ==> Buzz
3124 ==> 
3125 ==> 
3126 ==> Buzz
3127 ==> 
3128 ==> Fizz
3129 ==> Buzz
3130 ==> 
3131 ==> 
3132 ==> Buzz
3133 ==> 
3134 ==> 
3135 ==> Buzz
3136 ==> Fizz
3137 ==> 
3138 ==> Buzz
3139 ==> 
3140 ==> 
3141 ==> Buzz
3142 ==> 
3143 ==> 
3144 ==> BuzzFizz
3145 ==> 
3146 ==> 
3147 ==> Buzz
3148 ==> 
3149 ==> 
3150 ==> Buzz
3151 ==> 
3152 ==> Fizz
3153 ==> Buzz
3154 ==> 
3155 ==> 
3156 ==> Buzz
3157 ==> 
3158 ==> 
3159 ==> Buzz
3160 ==> Fizz
3161 ==> 
3162 ==> Buzz
3163 ==> 
3164 ==> 
3165 ==> Buzz
3166 ==> 
3167 ==> 
3168 ==> BuzzFizz
3169 ==> 
3170 ==> 
3171 ==> Buzz
3172 ==> 
3173 ==> 
3174 ==> Buzz
3175 ==> 
3176 ==> Fizz
3177 ==> Buzz
3178 ==> 
3179 ==> 
3180 ==> Buzz
3181 ==> 
3182 ==> 
3183 ==> Buzz
3184 ==> Fizz
3185 ==> 
3186 ==> Buzz
3187 ==> 
3188 ==> 
3189 ==> Buzz
3190 ==> 
3191 ==> 
3192 ==> BuzzFizz
3193 ==> 
3194 ==> 
3195 ==> Buzz
3196 ==> 
3197 ==> 
3198 ==> Buzz
3199 ==> 
3200 ==> Fizz
3201 ==> Buzz
3202 ==> 
3203 ==> 
3204 ==> Buzz
3205 ==> 
3206 ==> 
3207 ==> Buzz
3208 ==> Fizz
3209 ==> 
3210 ==> Buzz
3211 ==> 
3212 ==> 
3213 ==> Buzz
3214 ==> 
3215 ==> 
3216 ==> BuzzFizz
3217 ==> 
3218 ==> 
3219 ==> Buzz
3220 ==> 
3221 ==> 
3222 ==> Buzz
3223 ==> 
3224 ==> Fizz
3225 ==> Buzz
3226 ==> 
3227 ==> 
3228 ==> Buzz
3229 ==> 
3230 ==> 
3231 ==> Buzz
3232 ==> Fizz
3233 ==> 
3234 ==> Buzz
3235 ==> 
3236 ==> 
3237 ==> Buzz
3238 ==> 
3239 ==> 
3240 ==> BuzzFizz
3241 ==> 
3242 ==> 
3243 ==> Buzz
3244 ==> 
3245 ==> 
3246 ==> Buzz
3247 ==> 
3248 ==> Fizz
3249 ==> Buzz
3250 ==> 
3251 ==> 
3252 ==> Buzz
3253 ==> 
3254 ==> 
3255 ==> Buzz
3256 ==> Fizz
3257 ==> 
3258 ==> Buzz
3259 ==> 
3260 ==> 
3261 ==> Buzz
3262 ==> 
3263 ==> 
3264 ==> BuzzFizz
3265 ==> 
3266 ==> 
3267 ==> Buzz
3268 ==> 
3269 ==> 
3270 ==> Buzz
3271 ==> 
3272 ==> Fizz
3273 ==> Buzz
3274 ==> 
3275 ==> 
3276 ==> Buzz
3277 ==> 
3278 ==> 
3279 ==> Buzz
3280 ==> Fizz
3281 ==> 
3282 ==> Buzz
3283 ==> 
3284 ==> 
3285 ==> Buzz
3286 ==> 
3287 ==> 
3288 ==> BuzzFizz
3289 ==> 
3290 ==> 
3291 ==> Buzz
3292 ==> 
3293 ==> 
3294 ==> Buzz
3295 ==> 
3296 ==> Fizz
3297 ==> Buzz
3298 ==> 
3299 ==> 
3300 ==> Buzz
3301 ==> 
3302 ==> 
3303 ==> Buzz
3304 ==> Fizz
3305 ==> 
3306 ==> Buzz
3307 ==> 
3308 ==> 
3309 ==> Buzz
3310 ==> 
3311 ==> 
3312 ==> BuzzFizz
3313 ==> 
3314 ==> 
3315 ==> Buzz
3316 ==> 
3317 ==> 
3318 ==> Buzz
3319 ==> 
3320 ==> Fizz
3321 ==> Buzz
3322 ==> 
3323 ==> 
3324 ==> Buzz
3325 ==> 
3326 ==> 
3327 ==> Buzz
3328 ==> Fizz
3329 ==> 
3330 ==> Buzz
3331 ==> 
3332 ==> 
3333 ==> Buzz
3334 ==> 
3335 ==> 
3336 ==> BuzzFizz
3337 ==> 
3338 ==> 
3339 ==> Buzz
3340 ==> 
3341 ==> 
3342 ==> Buzz
3343 ==> 
3344 ==> Fizz
3345 ==> Buzz
3346 ==> 
3347 ==> 
3348 ==> Buzz
3349 ==> 
3350 ==> 
3351 ==> Buzz
3352 ==> Fizz
3353 ==> 
3354 ==> Buzz
3355 ==> 
3356 ==> 
3357 ==> Buzz
3358 ==> 
3359 ==> 
3360 ==> BuzzFizz
3361 ==> 
3362 ==> 
3363 ==> Buzz
3364 ==> 
3365 ==> 
3366 ==> Buzz
3367 ==> 
3368 ==> Fizz
3369 ==> Buzz
3370 ==> 
3371 ==> 
3372 ==> Buzz
3373 ==> 
3374 ==> 
3375 ==> Buzz
3376 ==> Fizz
3377 ==> 
3378 ==> Buzz
3379 ==> 
3380 ==> 
3381 ==> Buzz
3382 ==> 
3383 ==> 
3384 ==> BuzzFizz
3385 ==> 
3386 ==> 
3387 ==> Buzz
3388 ==> 
3389 ==> 
3390 ==> Buzz
3391 ==> 
3392 ==> Fizz
3393 ==> Buzz
3394 ==> 
3395 ==> 
3396 ==> Buzz
3397 ==> 
3398 ==> 
3399 ==> Buzz
3400 ==> Fizz
3401 ==> 
3402 ==> Buzz
3403 ==> 
3404 ==> 
3405 ==> Buzz
3406 ==> 
3407 ==> 
3408 ==> BuzzFizz
3409 ==> 
3410 ==> 
3411 ==> Buzz
3412 ==> 
3413 ==> 
3414 ==> Buzz
3415 ==> 
3416 ==> Fizz
3417 ==> Buzz
3418 ==> 
3419 ==> 
3420 ==> Buzz
3421 ==> 
3422 ==> 
3423 ==> Buzz
3424 ==> Fizz
3425 ==> 
3426 ==> Buzz
3427 ==> 
3428 ==> 
3429 ==> Buzz
3430 ==> 
3431 ==> 
3432 ==> BuzzFizz
3433 ==> 
3434 ==> 
3435 ==> Buzz
3436 ==> 
3437 ==> 
3438 ==> Buzz
3439 ==> 
3440 ==> Fizz
3441 ==> Buzz
3442 ==> 
3443 ==> 
3444 ==> Buzz
3445 ==> 
3446 ==> 
3447 ==> Buzz
3448 ==> Fizz
3449 ==> 
3450 ==> Buzz
3451 ==> 
3452 ==> 
3453 ==> Buzz
3454 ==> 
3455 ==> 
3456 ==> BuzzFizz
3457 ==> 
3458 ==> 
3459 ==> Buzz
3460 ==> 
3461 ==> 
3462 ==> Buzz
3463 ==> 
3464 ==> Fizz
3465 ==> Buzz
3466 ==> 
3467 ==> 
3468 ==> Buzz
3469 ==> 
3470 ==> 
3471 ==> Buzz
3472 ==> Fizz
3473 ==> 
3474 ==> Buzz
3475 ==> 
3476 ==> 
3477 ==> Buzz
3478 ==> 
3479 ==> 
3480 ==> BuzzFizz
3481 ==> 
3482 ==> 
3483 ==> Buzz
3484 ==> 
3485 ==> 
3486 ==> Buzz
3487 ==> 
3488 ==> Fizz
3489 ==> Buzz
3490 ==> 
3491 ==> 
3492 ==> Buzz
3493 ==> 
3494 ==> 
3495 ==> Buzz
3496 ==> Fizz
3497 ==> 
3498 ==> Buzz
3499 ==> 
3500 ==> 
3501 ==> Buzz
3502 ==> 
3503 ==> 
3504 ==> BuzzFizz
3505 ==> 
3506 ==> 
3507 ==> Buzz
3508 ==> 
3509 ==> 
3510 ==> Buzz
3511 ==> 
3512 ==> Fizz
3513 ==> Buzz
3514 ==> 
3515 ==> 
3516 ==> Buzz
3517 ==> 
3518 ==> 
3519 ==> Buzz
3520 ==> Fizz
3521 ==> 
3522 ==> Buzz
3523 ==> 
3524 ==> 
3525 ==> Buzz
3526 ==> 
3527 ==> 
3528 ==> BuzzFizz
3529 ==> 
3530 ==> 
3531 ==> Buzz
3532 ==> 
3533 ==> 
3534 ==> Buzz
3535 ==> 
3536 ==> Fizz
3537 ==> Buzz
3538 ==> 
3539 ==> 
3540 ==> Buzz
3541 ==> 
3542 ==> 
3543 ==> Buzz
3544 ==> Fizz
3545 ==> 
3546 ==> Buzz
3547 ==> 
3548 ==> 
3549 ==> Buzz
3550 ==> 
3551 ==> 
3552 ==> BuzzFizz
3553 ==> 
3554 ==> 
3555 ==> Buzz
3556 ==> 
3557 ==> 
3558 ==> Buzz
3559 ==> 
3560 ==> Fizz
3561 ==> Buzz
3562 ==> 
3563 ==> 
3564 ==> Buzz
3565 ==> 
3566 ==> 
3567 ==> Buzz
3568 ==> Fizz
3569 ==> 
3570 ==> Buzz
3571 ==> 
3572 ==> 
3573 ==> Buzz
3574 ==> 
3575 ==> 
3576 ==> BuzzFizz
3577 ==> 
3578 ==> 
3579 ==> Buzz
3580 ==> 
3581 ==> 
3582 ==> Buzz
3583 ==> 
3584 ==> Fizz
3585 ==> Buzz
3586 ==> 
3587 ==> 
3588 ==> Buzz
3589 ==> 
3590 ==> 
3591 ==> Buzz
3592 ==> Fizz
3593 ==> 
3594 ==> Buzz
3595 ==> 
3596 ==> 
3597 ==> Buzz
3598 ==> 
3599 ==> 
3600 ==> BuzzFizz
3601 ==> 
3602 ==> 
3603 ==> Buzz
3604 ==> 
3605 ==> 
3606 ==> Buzz
3607 ==> 
3608 ==> Fizz
3609 ==> Buzz
3610 ==> 
3611 ==> 
3612 ==> Buzz
3613 ==> 
3614 ==> 
3615 ==> Buzz
3616 ==> Fizz
3617 ==> 
3618 ==> Buzz
3619 ==> 
3620 ==> 
3621 ==> Buzz
3622 ==> 
3623 ==> 
3624 ==> BuzzFizz
3625 ==> 
3626 ==> 
3627 ==> Buzz
3628 ==> 
3629 ==> 
3630 ==> Buzz
3631 ==> 
3632 ==> Fizz
3633 ==> Buzz
3634 ==> 
3635 ==> 
3636 ==> Buzz
3637 ==> 
3638 ==> 
3639 ==> Buzz
3640 ==> Fizz
3641 ==> 
3642 ==> Buzz
3643 ==> 
3644 ==> 
3645 ==> Buzz
3646 ==> 
3647 ==> 
3648 ==> BuzzFizz
3649 ==> 
3650 ==> 
3651 ==> Buzz
3652 ==> 
3653 ==> 
3654 ==> Buzz
3655 ==> 
3656 ==> Fizz
3657 ==> Buzz
3658 ==> 
3659 ==> 
3660 ==> Buzz
3661 ==> 
3662 ==> 
3663 ==> Buzz
3664 ==> Fizz
3665 ==> 
3666 ==> Buzz
3667 ==> 
3668 ==> 
3669 ==> Buzz
3670 ==> 
3671 ==> 
3672 ==> BuzzFizz
3673 ==> 
3674 ==> 
3675 ==> Buzz
3676 ==> 
3677 ==> 
3678 ==> Buzz
3679 ==> 
3680 ==> Fizz
3681 ==> Buzz
3682 ==> 
3683 ==> 
3684 ==> Buzz
3685 ==> 
3686 ==> 
3687 ==> Buzz
3688 ==> Fizz
3689 ==> 
3690 ==> Buzz
3691 ==> 
3692 ==> 
3693 ==> Buzz
3694 ==> 
3695 ==> 
3696 ==> BuzzFizz
3697 ==> 
3698 ==> 
3699 ==> Buzz
3700 ==> 
3701 ==> 
3702 ==> Buzz
3703 ==> 
3704 ==> Fizz
3705 ==> Buzz
3706 ==> 
3707 ==> 
3708 ==> Buzz
3709 ==> 
3710 ==> 
3711 ==> Buzz
3712 ==> Fizz
3713 ==> 
3714 ==> Buzz
3715 ==> 
3716 ==> 
3717 ==> Buzz
3718 ==> 
3719 ==> 
3720 ==> BuzzFizz
3721 ==> 
3722 ==> 
3723 ==> Buzz
3724 ==> 
3725 ==> 
3726 ==> Buzz
3727 ==> 
3728 ==> Fizz
3729 ==> Buzz
3730 ==> 
3731 ==> 
3732 ==> Buzz
3733 ==> 
3734 ==> 
3735 ==> Buzz
3736 ==> Fizz
3737 ==> 
3738 ==> Buzz
3739 ==> 
3740 ==> 
3741 ==> Buzz
3742 ==> 
3743 ==> 
3744 ==> BuzzFizz
3745 ==> 
3746 ==> 
3747 ==> Buzz
3748 ==> 
3749 ==> 
3750 ==> Buzz
3751 ==> 
3752 ==> Fizz
3753 ==> Buzz
3754 ==> 
3755 ==> 
3756 ==> Buzz
3757 ==> 
3758 ==> 
3759 ==> Buzz
3760 ==> Fizz
3761 ==> 
3762 ==> Buzz
3763 ==> 
3764 ==> 
3765 ==> Buzz
3766 ==> 
3767 ==> 
3768 ==> BuzzFizz
3769 ==> 
3770 ==> 
3771 ==> Buzz
3772 ==> 
3773 ==> 
3774 ==> Buzz
3775 ==> 
3776 ==> Fizz
3777 ==> Buzz
3778 ==> 
3779 ==> 
3780 ==> Buzz
3781 ==> 
3782 ==> 
3783 ==> Buzz
3784 ==> Fizz
3785 ==> 
3786 ==> Buzz
3787 ==> 
3788 ==> 
3789 ==> Buzz
3790 ==> 
3791 ==> 
3792 ==> BuzzFizz
3793 ==> 
3794 ==> 
3795 ==> Buzz
3796 ==> 
3797 ==> 
3798 ==> Buzz
3799 ==> 
3800 ==> Fizz
3801 ==> Buzz
3802 ==> 
3803 ==> 
3804 ==> Buzz
3805 ==> 
3806 ==> 
3807 ==> Buzz
3808 ==> Fizz
3809 ==> 
3810 ==> Buzz
3811 ==> 
3812 ==> 
3813 ==> Buzz
3814 ==> 
3815 ==> 
3816 ==> BuzzFizz
3817 ==> 
3818 ==> 
3819 ==> Buzz
3820 ==> 
3821 ==> 
3822 ==> Buzz
3823 ==> 
3824 ==> Fizz
3825 ==> Buzz
3826 ==> 
3827 ==> 
3828 ==> Buzz
3829 ==> 
3830 ==> 
3831 ==> Buzz
3832 ==> Fizz
3833 ==> 
3834 ==> Buzz
3835 ==> 
3836 ==> 
3837 ==> Buzz
3838 ==> 
3839 ==> 
3840 ==> BuzzFizz
3841 ==> 
3842 ==> 
3843 ==> Buzz
3844 ==> 
3845 ==> 
3846 ==> Buzz
3847 ==> 
3848 ==> Fizz
3849 ==> Buzz
3850 ==> 
3851 ==> 
3852 ==> Buzz
3853 ==> 
3854 ==> 
3855 ==> Buzz
3856 ==> Fizz
3857 ==> 
3858 ==> Buzz
3859 ==> 
3860 ==> 
3861 ==> Buzz
3862 ==> 
3863 ==> 
3864 ==> BuzzFizz
3865 ==> 
3866 ==> 
3867 ==> Buzz
3868 ==> 
3869 ==> 
3870 ==> Buzz
3871 ==> 
3872 ==> Fizz
3873 ==> Buzz
3874 ==> 
3875 ==> 
3876 ==> Buzz
3877 ==> 
3878 ==> 
3879 ==> Buzz
3880 ==> Fizz
3881 ==> 
3882 ==> Buzz
3883 ==> 
3884 ==> 
3885 ==> Buzz
3886 ==> 
3887 ==> 
3888 ==> BuzzFizz
3889 ==> 
3890 ==> 
3891 ==> Buzz
3892 ==> 
3893 ==> 
3894 ==> Buzz
3895 ==> 
3896 ==> Fizz
3897 ==> Buzz
3898 ==> 
3899 ==> 
3900 ==> Buzz
3901 ==> 
3902 ==> 
3903 ==> Buzz
3904 ==> Fizz
3905 ==> 
3906 ==> Buzz
3907 ==> 
3908 ==> 
3909 ==> Buzz
3910 ==> 
3911 ==> 
3912 ==> BuzzFizz
3913 ==> 
3914 ==> 
3915 ==> Buzz
3916 ==> 
3917 ==> 
3918 ==> Buzz
3919 ==> 
3920 ==> Fizz
3921 ==> Buzz
3922 ==> 
3923 ==> 
3924 ==> Buzz
3925 ==> 
3926 ==> 
3927 ==> Buzz
3928 ==> Fizz
3929 ==> 
3930 ==> Buzz
3931 ==> 
3932 ==> 
3933 ==> Buzz
3934 ==> 
3935 ==> 
3936 ==> BuzzFizz
3937 ==> 
3938 ==> 
3939 ==> Buzz
3940 ==> 
3941 ==> 
3942 ==> Buzz
3943 ==> 
3944 ==> Fizz
3945 ==> Buzz
3946 ==> 
3947 ==> 
3948 ==> Buzz
3949 ==> 
3950 ==> 
3951 ==> Buzz
3952 ==> Fizz
3953 ==> 
3954 ==> Buzz
3955 ==> 
3956 ==> 
3957 ==> Buzz
3958 ==> 
3959 ==> 
3960 ==> BuzzFizz
3961 ==> 
3962 ==> 
3963 ==> Buzz
3964 ==> 
3965 ==> 
3966 ==> Buzz
3967 ==> 
3968 ==> Fizz
3969 ==> Buzz
3970 ==> 
3971 ==> 
3972 ==> Buzz
3973 ==> 
3974 ==> 
3975 ==> Buzz
3976 ==> Fizz
3977 ==> 
3978 ==> Buzz
3979 ==> 
3980 ==> 
3981 ==> Buzz
3982 ==> 
3983 ==> 
3984 ==> BuzzFizz
3985 ==> 
3986 ==> 
3987 ==> Buzz
3988 ==> 
3989 ==> 
3990 ==> Buzz
3991 ==> 
3992 ==> Fizz
3993 ==> Buzz
3994 ==> 
3995 ==> 
3996 ==> Buzz
3997 ==> 
3998 ==> 
3999 ==> Buzz
4000 ==> Fizz
4001 ==> 
4002 ==> Buzz
4003 ==> 
4004 ==> 
4005 ==> Buzz
4006 ==> 
4007 ==> 
4008 ==> BuzzFizz
4009 ==> 
4010 ==> 
4011 ==> Buzz
4012 ==> 
4013 ==> 
4014 ==> Buzz
4015 ==> 
4016 ==> Fizz
4017 ==> Buzz
4018 ==> 
4019 ==> 
4020 ==> Buzz
4021 ==> 
4022 ==> 
4023 ==> Buzz
4024 ==> Fizz
4025 ==> 
4026 ==> Buzz
4027 ==> 
4028 ==> 
4029 ==> Buzz
4030 ==> 
4031 ==> 
4032 ==> BuzzFizz
4033 ==> 
4034 ==> 
4035 ==> Buzz
4036 ==> 
4037 ==> 
4038 ==> Buzz
4039 ==> 
4040 ==> Fizz
4041 ==> Buzz
4042 ==> 
4043 ==> 
4044 ==> Buzz
4045 ==> 
4046 ==> 
4047 ==> Buzz
4048 ==> Fizz
4049 ==> 
4050 ==> Buzz
4051 ==> 
4052 ==> 
4053 ==> Buzz
4054 ==> 
4055 ==> 
4056 ==> BuzzFizz
4057 ==> 
4058 ==> 
4059 ==> Buzz
4060 ==> 
4061 ==> 
4062 ==> Buzz
4063 ==> 
4064 ==> Fizz
4065 ==> Buzz
4066 ==> 
4067 ==> 
4068 ==> Buzz
4069 ==> 
4070 ==> 
4071 ==> Buzz
4072 ==> Fizz
4073 ==> 
4074 ==> Buzz
4075 ==> 
4076 ==> 
4077 ==> Buzz
4078 ==> 
4079 ==> 
4080 ==> BuzzFizz
4081 ==> 
4082 ==> 
4083 ==> Buzz
4084 ==> 
4085 ==> 
4086 ==> Buzz
4087 ==> 
4088 ==> Fizz
4089 ==> Buzz
4090 ==> 
4091 ==> 
4092 ==> Buzz
4093 ==> 
4094 ==> 
4095 ==> Buzz
4096 ==> Fizz
4097 ==> 
4098 ==> Buzz
4099 ==> 
4100 ==> 
4101 ==> Buzz
4102 ==> 
4103 ==> 
4104 ==> BuzzFizz
4105 ==> 
4106 ==> 
4107 ==> Buzz
4108 ==> 
4109 ==> 
4110 ==> Buzz
4111 ==> 
4112 ==> Fizz
4113 ==> Buzz
4114 ==> 
4115 ==> 
4116 ==> Buzz
4117 ==> 
4118 ==> 
4119 ==> Buzz
4120 ==> Fizz
4121 ==> 
4122 ==> Buzz
4123 ==> 
4124 ==> 
4125 ==> Buzz
4126 ==> 
4127 ==> 
4128 ==> BuzzFizz
4129 ==> 
4130 ==> 
4131 ==> Buzz
4132 ==> 
4133 ==> 
4134 ==> Buzz
4135 ==> 
4136 ==> Fizz
4137 ==> Buzz
4138 ==> 
4139 ==> 
4140 ==> Buzz
4141 ==> 
4142 ==> 
4143 ==> Buzz
4144 ==> Fizz
4145 ==> 
4146 ==> Buzz
4147 ==> 
4148 ==> 
4149 ==> Buzz
4150 ==> 
4151 ==> 
4152 ==> BuzzFizz
4153 ==> 
4154 ==> 
4155 ==> Buzz
4156 ==> 
4157 ==> 
4158 ==> Buzz
4159 ==> 
4160 ==> Fizz
4161 ==> Buzz
4162 ==> 
4163 ==> 
4164 ==> Buzz
4165 ==> 
4166 ==> 
4167 ==> Buzz
4168 ==> Fizz
4169 ==> 
4170 ==> Buzz
4171 ==> 
4172 ==> 
4173 ==> Buzz
4174 ==> 
4175 ==> 
4176 ==> BuzzFizz
4177 ==> 
4178 ==> 
4179 ==> Buzz
4180 ==> 
4181 ==> 
4182 ==> Buzz
4183 ==> 
4184 ==> Fizz
4185 ==> Buzz
4186 ==> 
4187 ==> 
4188 ==> Buzz
4189 ==> 
4190 ==> 
4191 ==> Buzz
4192 ==> Fizz
4193 ==> 
4194 ==> Buzz
4195 ==> 
4196 ==> 
4197 ==> Buzz
4198 ==> 
4199 ==> 
4200 ==> BuzzFizz
4201 ==> 
4202 ==> 
4203 ==> Buzz
4204 ==> 
4205 ==> 
4206 ==> Buzz
4207 ==> 
4208 ==> Fizz
4209 ==> Buzz
4210 ==> 
4211 ==> 
4212 ==> Buzz
4213 ==> 
4214 ==> 
4215 ==> Buzz
4216 ==> Fizz
4217 ==> 
4218 ==> Buzz
4219 ==> 
4220 ==> 
4221 ==> Buzz
4222 ==> 
4223 ==> 
4224 ==> BuzzFizz
4225 ==> 
4226 ==> 
4227 ==> Buzz
4228 ==> 
4229 ==> 
4230 ==> Buzz
4231 ==> 
4232 ==> Fizz
4233 ==> Buzz
4234 ==> 
4235 ==> 
4236 ==> Buzz
4237 ==> 
4238 ==> 
4239 ==> Buzz
4240 ==> Fizz
4241 ==> 
4242 ==> Buzz
4243 ==> 
4244 ==> 
4245 ==> Buzz
4246 ==> 
4247 ==> 
4248 ==> BuzzFizz
4249 ==> 
4250 ==> 
4251 ==> Buzz
4252 ==> 
4253 ==> 
4254 ==> Buzz
4255 ==> 
4256 ==> Fizz
4257 ==> Buzz
4258 ==> 
4259 ==> 
4260 ==> Buzz
4261 ==> 
4262 ==> 
4263 ==> Buzz
4264 ==> Fizz
4265 ==> 
4266 ==> Buzz
4267 ==> 
4268 ==> 
4269 ==> Buzz
4270 ==> 
4271 ==> 
4272 ==> BuzzFizz
4273 ==> 
4274 ==> 
4275 ==> Buzz
4276 ==> 
4277 ==> 
4278 ==> Buzz
4279 ==> 
4280 ==> Fizz
4281 ==> Buzz
4282 ==> 
4283 ==> 
4284 ==> Buzz
4285 ==> 
4286 ==> 
4287 ==> Buzz
4288 ==> Fizz
4289 ==> 
4290 ==> Buzz
4291 ==> 
4292 ==> 
4293 ==> Buzz
4294 ==> 
4295 ==> 
4296 ==> BuzzFizz
4297 ==> 
4298 ==> 
4299 ==> Buzz
4300 ==> 
4301 ==> 
4302 ==> Buzz
4303 ==> 
4304 ==> Fizz
4305 ==> Buzz
4306 ==> 
4307 ==> 
4308 ==> Buzz
4309 ==> 
4310 ==> 
4311 ==> Buzz
4312 ==> Fizz
4313 ==> 
4314 ==> Buzz
4315 ==> 
4316 ==> 
4317 ==> Buzz
4318 ==> 
4319 ==> 
4320 ==> BuzzFizz
4321 ==> 
4322 ==> 
4323 ==> Buzz
4324 ==> 
4325 ==> 
4326 ==> Buzz
4327 ==> 
4328 ==> Fizz
4329 ==> Buzz
4330 ==> 
4331 ==> 
4332 ==> Buzz
4333 ==> 
4334 ==> 
4335 ==> Buzz
4336 ==> Fizz
4337 ==> 
4338 ==> Buzz
4339 ==> 
4340 ==> 
4341 ==> Buzz
4342 ==> 
4343 ==> 
4344 ==> BuzzFizz
4345 ==> 
4346 ==> 
4347 ==> Buzz
4348 ==> 
4349 ==> 
4350 ==> Buzz
4351 ==> 
4352 ==> Fizz
4353 ==> Buzz
4354 ==> 
4355 ==> 
4356 ==> Buzz
4357 ==> 
4358 ==> 
4359 ==> Buzz
4360 ==> Fizz
4361 ==> 
4362 ==> Buzz
4363 ==> 
4364 ==> 
4365 ==> Buzz
4366 ==> 
4367 ==> 
4368 ==> BuzzFizz
4369 ==> 
4370 ==> 
4371 ==> Buzz
4372 ==> 
4373 ==> 
4374 ==> Buzz
4375 ==> 
4376 ==> Fizz
4377 ==> Buzz
4378 ==> 
4379 ==> 
4380 ==> Buzz
4381 ==> 
4382 ==> 
4383 ==> Buzz
4384 ==> Fizz
4385 ==> 
4386 ==> Buzz
4387 ==> 
4388 ==> 
4389 ==> Buzz
4390 ==> 
4391 ==> 
4392 ==> BuzzFizz
4393 ==> 
4394 ==> 
4395 ==> Buzz
4396 ==> 
4397 ==> 
4398 ==> Buzz
4399 ==> 
4400 ==> Fizz
4401 ==> Buzz
4402 ==> 
4403 ==> 
4404 ==> Buzz
4405 ==> 
4406 ==> 
4407 ==> Buzz
4408 ==> Fizz
4409 ==> 
4410 ==> Buzz
4411 ==> 
4412 ==> 
4413 ==> Buzz
4414 ==> 
4415 ==> 
4416 ==> BuzzFizz
4417 ==> 
4418 ==> 
4419 ==> Buzz
4420 ==> 
4421 ==> 
4422 ==> Buzz
4423 ==> 
4424 ==> Fizz
4425 ==> Buzz
4426 ==> 
4427 ==> 
4428 ==> Buzz
4429 ==> 
4430 ==> 
4431 ==> Buzz
4432 ==> Fizz
4433 ==> 
4434 ==> Buzz
4435 ==> 
4436 ==> 
4437 ==> Buzz
4438 ==> 
4439 ==> 
4440 ==> BuzzFizz
4441 ==> 
4442 ==> 
4443 ==> Buzz
4444 ==> 
4445 ==> 
4446 ==> Buzz
4447 ==> 
4448 ==> Fizz
4449 ==> Buzz
4450 ==> 
4451 ==> 
4452 ==> Buzz
4453 ==> 
4454 ==> 
4455 ==> Buzz
4456 ==> Fizz
4457 ==> 
4458 ==> Buzz
4459 ==> 
4460 ==> 
4461 ==> Buzz
4462 ==> 
4463 ==> 
4464 ==> BuzzFizz
4465 ==> 
4466 ==> 
4467 ==> Buzz
4468 ==> 
4469 ==> 
4470 ==> Buzz
4471 ==> 
4472 ==> Fizz
4473 ==> Buzz
4474 ==> 
4475 ==> 
4476 ==> Buzz
4477 ==> 
4478 ==> 
4479 ==> Buzz
4480 ==> Fizz
4481 ==> 
4482 ==> Buzz
4483 ==> 
4484 ==> 
4485 ==> Buzz
4486 ==> 
4487 ==> 
4488 ==> BuzzFizz
4489 ==> 
4490 ==> 
4491 ==> Buzz
4492 ==> 
4493 ==> 
4494 ==> Buzz
4495 ==> 
4496 ==> Fizz
4497 ==> Buzz
4498 ==> 
4499 ==> 
4500 ==> Buzz
4501 ==> 
4502 ==> 
4503 ==> Buzz
4504 ==> Fizz
4505 ==> 
4506 ==> Buzz
4507 ==> 
4508 ==> 
4509 ==> Buzz
4510 ==> 
4511 ==> 
4512 ==> BuzzFizz
4513 ==> 
4514 ==> 
4515 ==> Buzz
4516 ==> 
4517 ==> 
4518 ==> Buzz
4519 ==> 
4520 ==> Fizz
4521 ==> Buzz
4522 ==> 
4523 ==> 
4524 ==> Buzz
4525 ==> 
4526 ==> 
4527 ==> Buzz
4528 ==> Fizz
4529 ==> 
4530 ==> Buzz
4531 ==> 
4532 ==> 
4533 ==> Buzz
4534 ==> 
4535 ==> 
4536 ==> BuzzFizz
4537 ==> 
4538 ==> 
4539 ==> Buzz
4540 ==> 
4541 ==> 
4542 ==> Buzz
4543 ==> 
4544 ==> Fizz
4545 ==> Buzz
4546 ==> 
4547 ==> 
4548 ==> Buzz
4549 ==> 
4550 ==> 
4551 ==> Buzz
4552 ==> Fizz
4553 ==> 
4554 ==> Buzz
4555 ==> 
4556 ==> 
4557 ==> Buzz
4558 ==> 
4559 ==> 
4560 ==> BuzzFizz
4561 ==> 
4562 ==> 
4563 ==> Buzz
4564 ==> 
4565 ==> 
4566 ==> Buzz
4567 ==> 
4568 ==> Fizz
4569 ==> Buzz
4570 ==> 
4571 ==> 
4572 ==> Buzz
4573 ==> 
4574 ==> 
4575 ==> Buzz
4576 ==> Fizz
4577 ==> 
4578 ==> Buzz
4579 ==> 
4580 ==> 
4581 ==> Buzz
4582 ==> 
4583 ==> 
4584 ==> BuzzFizz
4585 ==> 
4586 ==> 
4587 ==> Buzz
4588 ==> 
4589 ==> 
4590 ==> Buzz
4591 ==> 
4592 ==> Fizz
4593 ==> Buzz
4594 ==> 
4595 ==> 
4596 ==> Buzz
4597 ==> 
4598 ==> 
4599 ==> Buzz
4600 ==> Fizz
4601 ==> 
4602 ==> Buzz
4603 ==> 
4604 ==> 
4605 ==> Buzz
4606 ==> 
4607 ==> 
4608 ==> BuzzFizz
4609 ==> 
4610 ==> 
4611 ==> Buzz
4612 ==> 
4613 ==> 
4614 ==> Buzz
4615 ==> 
4616 ==> Fizz
4617 ==> Buzz
4618 ==> 
4619 ==> 
4620 ==> Buzz
4621 ==> 
4622 ==> 
4623 ==> Buzz
4624 ==> Fizz
4625 ==> 
4626 ==> Buzz
4627 ==> 
4628 ==> 
4629 ==> Buzz
4630 ==> 
4631 ==> 
4632 ==> BuzzFizz
4633 ==> 
4634 ==> 
4635 ==> Buzz
4636 ==> 
4637 ==> 
4638 ==> Buzz
4639 ==> 
4640 ==> Fizz
4641 ==> Buzz
4642 ==> 
4643 ==> 
4644 ==> Buzz
4645 ==> 
4646 ==> 
4647 ==> Buzz
4648 ==> Fizz
4649 ==> 
4650 ==> Buzz
4651 ==> 
4652 ==> 
4653 ==> Buzz
4654 ==> 
4655 ==> 
4656 ==> BuzzFizz
4657 ==> 
4658 ==> 
4659 ==> Buzz
4660 ==> 
4661 ==> 
4662 ==> Buzz
4663 ==> 
4664 ==> Fizz
4665 ==> Buzz
4666 ==> 
4667 ==> 
4668 ==> Buzz
4669 ==> 
4670 ==> 
4671 ==> Buzz
4672 ==> Fizz
4673 ==> 
4674 ==> Buzz
4675 ==> 
4676 ==> 
4677 ==> Buzz
4678 ==> 
4679 ==> 
4680 ==> BuzzFizz
4681 ==> 
4682 ==> 
4683 ==> Buzz
4684 ==> 
4685 ==> 
4686 ==> Buzz
4687 ==> 
4688 ==> Fizz
4689 ==> Buzz
4690 ==> 
4691 ==> 
4692 ==> Buzz
4693 ==> 
4694 ==> 
4695 ==> Buzz
4696 ==> Fizz
4697 ==> 
4698 ==> Buzz
4699 ==> 
4700 ==> 
4701 ==> Buzz
4702 ==> 
4703 ==> 
4704 ==> BuzzFizz
4705 ==> 
4706 ==> 
4707 ==> Buzz
4708 ==> 
4709 ==> 
4710 ==> Buzz
4711 ==> 
4712 ==> Fizz
4713 ==> Buzz
4714 ==> 
4715 ==> 
4716 ==> Buzz
4717 ==> 
4718 ==> 
4719 ==> Buzz
4720 ==> Fizz
4721 ==> 
4722 ==> Buzz
4723 ==> 
4724 ==> 
4725 ==> Buzz
4726 ==> 
4727 ==> 
4728 ==> BuzzFizz
4729 ==> 
4730 ==> 
4731 ==> Buzz
4732 ==> 
4733 ==> 
4734 ==> Buzz
4735 ==> 
4736 ==> Fizz
4737 ==> Buzz
4738 ==> 
4739 ==> 
4740 ==> Buzz
4741 ==> 
4742 ==> 
4743 ==> Buzz
4744 ==> Fizz
4745 ==> 
4746 ==> Buzz
4747 ==> 
4748 ==> 
4749 ==> Buzz
4750 ==> 
4751 ==> 
4752 ==> BuzzFizz
4753 ==> 
4754 ==> 
4755 ==> Buzz
4756 ==> 
4757 ==> 
4758 ==> Buzz
4759 ==> 
4760 ==> Fizz
4761 ==> Buzz
4762 ==> 
4763 ==> 
4764 ==> Buzz
4765 ==> 
4766 ==> 
4767 ==> Buzz
4768 ==> Fizz
4769 ==> 
4770 ==> Buzz
4771 ==> 
4772 ==> 
4773 ==> Buzz
4774 ==> 
4775 ==> 
4776 ==> BuzzFizz
4777 ==> 
4778 ==> 
4779 ==> Buzz
4780 ==> 
4781 ==> 
4782 ==> Buzz
4783 ==> 
4784 ==> Fizz
4785 ==> Buzz
4786 ==> 
4787 ==> 
4788 ==> Buzz
4789 ==> 
4790 ==> 
4791 ==> Buzz
4792 ==> Fizz
4793 ==> 
4794 ==> Buzz
4795 ==> 
4796 ==> 
4797 ==> Buzz
4798 ==> 
4799 ==> 
4800 ==> BuzzFizz
4801 ==> 
4802 ==> 
4803 ==> Buzz
4804 ==> 
4805 ==> 
4806 ==> Buzz
4807 ==> 
4808 ==> Fizz
4809 ==> Buzz
4810 ==> 
4811 ==> 
4812 ==> Buzz
4813 ==> 
4814 ==> 
4815 ==> Buzz
4816 ==> Fizz
4817 ==> 
4818 ==> Buzz
4819 ==> 
4820 ==> 
4821 ==> Buzz
4822 ==> 
4823 ==> 
4824 ==> BuzzFizz
4825 ==> 
4826 ==> 
4827 ==> Buzz
4828 ==> 
4829 ==> 
4830 ==> Buzz
4831 ==> 
4832 ==> Fizz
4833 ==> Buzz
4834 ==> 
4835 ==> 
4836 ==> Buzz
4837 ==> 
4838 ==> 
4839 ==> Buzz
4840 ==> Fizz
4841 ==> 
4842 ==> Buzz
4843 ==> 
4844 ==> 
4845 ==> Buzz
4846 ==> 
4847 ==> 
4848 ==> BuzzFizz
4849 ==> 
4850 ==> 
4851 ==> Buzz
4852 ==> 
4853 ==> 
4854 ==> Buzz
4855 ==> 
4856 ==> Fizz
4857 ==> Buzz
4858 ==> 
4859 ==> 
4860 ==> Buzz
4861 ==> 
4862 ==> 
4863 ==> Buzz
4864 ==> Fizz
4865 ==> 
4866 ==> Buzz
4867 ==> 
4868 ==> 
4869 ==> Buzz
4870 ==> 
4871 ==> 
4872 ==> BuzzFizz
4873 ==> 
4874 ==> 
4875 ==> Buzz
4876 ==> 
4877 ==> 
4878 ==> Buzz
4879 ==> 
4880 ==> Fizz
4881 ==> Buzz
4882 ==> 
4883 ==> 
4884 ==> Buzz
4885 ==> 
4886 ==> 
4887 ==> Buzz
4888 ==> Fizz
4889 ==> 
4890 ==> Buzz
4891 ==> 
4892 ==> 
4893 ==> Buzz
4894 ==> 
4895 ==> 
4896 ==> BuzzFizz
4897 ==> 
4898 ==> 
4899 ==> Buzz
4900 ==> 
4901 ==> 
4902 ==> Buzz
4903 ==> 
4904 ==> Fizz
4905 ==> Buzz
4906 ==> 
4907 ==> 
4908 ==> Buzz
4909 ==> 
4910 ==> 
4911 ==> Buzz
4912 ==> Fizz
4913 ==> 
4914 ==> Buzz
4915 ==> 
4916 ==> 
4917 ==> Buzz
4918 ==> 
4919 ==> 
4920 ==> BuzzFizz
4921 ==> 
4922 ==> 
4923 ==> Buzz
4924 ==> 
4925 ==> 
4926 ==> Buzz
4927 ==> 
4928 ==> Fizz
4929 ==> Buzz
4930 ==> 
4931 ==> 
4932 ==> Buzz
4933 ==> 
4934 ==> 
4935 ==> Buzz
4936 ==> Fizz
4937 ==> 
4938 ==> Buzz
4939 ==> 
4940 ==> 
4941 ==> Buzz
4942 ==> 
4943 ==> 
4944 ==> BuzzFizz
4945 ==> 
4946 ==> 
4947 ==> Buzz
4948 ==> 
4949 ==> 
4950 ==> Buzz
4951 ==> 
4952 ==> Fizz
4953 ==> Buzz
4954 ==> 
4955 ==> 
4956 ==> Buzz
4957 ==> 
4958 ==> 
4959 ==> Buzz
4960 ==> Fizz
4961 ==> 
4962 ==> Buzz
4963 ==> 
4964 ==> 
4965 ==> Buzz
4966 ==> 
4967 ==> 
4968 ==> BuzzFizz
4969 ==> 
4970 ==> 
4971 ==> Buzz
4972 ==> 
4973 ==> 
4974 ==> Buzz
4975 ==> 
4976 ==> Fizz
4977 ==> Buzz
4978 ==> 
4979 ==> 
4980 ==> Buzz
4981 ==> 
4982 ==> 
4983 ==> Buzz
4984 ==> Fizz
4985 ==> 
4986 ==> Buzz
4987 ==> 
4988 ==> 
4989 ==> Buzz
4990 ==> 
4991 ==> 
4992 ==> BuzzFizz
4993 ==> 
4994 ==> 
4995 ==> Buzz
4996 ==> 
4997 ==> 
4998 ==> Buzz
4999 ==> 
5000 ==> Fizz
5001 ==> Buzz
5002 ==> 
5003 ==> 
5004 ==> Buzz
5005 ==> 
5006 ==> 
5007 ==> Buzz
5008 ==> Fizz
5009 ==> 
5010 ==> Buzz
5011 ==> 
5012 ==> 
5013 ==> Buzz
5014 ==> 
5015 ==> 
5016 ==> BuzzFizz
5017 ==> 
5018 ==> 
5019 ==> Buzz
5020 ==> 
5021 ==> 
5022 ==> Buzz
5023 ==> 
5024 ==> Fizz
5025 ==> Buzz
5026 ==> 
5027 ==> 
5028 ==> Buzz
5029 ==> 
5030 ==> 
5031 ==> Buzz
5032 ==> Fizz
5033 ==> 
5034 ==> Buzz
5035 ==> 
5036 ==> 
5037 ==> Buzz
5038 ==> 
5039 ==> 
5040 ==> BuzzFizz
5041 ==> 
5042 ==> 
5043 ==> Buzz
5044 ==> 
5045 ==> 
5046 ==> Buzz
5047 ==> 
5048 ==> Fizz
5049 ==> Buzz
5050 ==> 
5051 ==> 
5052 ==> Buzz
5053 ==> 
5054 ==> 
5055 ==> Buzz
5056 ==> Fizz
5057 ==> 
5058 ==> Buzz
5059 ==> 
5060 ==> 
5061 ==> Buzz
5062 ==> 
5063 ==> 
5064 ==> BuzzFizz
5065 ==> 
5066 ==> 
5067 ==> Buzz
5068 ==> 
5069 ==> 
5070 ==> Buzz
5071 ==> 
5072 ==> Fizz
5073 ==> Buzz
5074 ==> 
5075 ==> 
5076 ==> Buzz
5077 ==> 
5078 ==> 
5079 ==> Buzz
5080 ==> Fizz
5081 ==> 
5082 ==> Buzz
5083 ==> 
5084 ==> 
5085 ==> Buzz
5086 ==> 
5087 ==> 
5088 ==> BuzzFizz
5089 ==> 
5090 ==> 
5091 ==> Buzz
5092 ==> 
5093 ==> 
5094 ==> Buzz
5095 ==> 
5096 ==> Fizz
5097 ==> Buzz
5098 ==> 
5099 ==> 
5100 ==> Buzz
5101 ==> 
5102 ==> 
5103 ==> Buzz
5104 ==> Fizz
5105 ==> 
5106 ==> Buzz
5107 ==> 
5108 ==> 
5109 ==> Buzz
5110 ==> 
5111 ==> 
5112 ==> BuzzFizz
5113 ==> 
5114 ==> 
5115 ==> Buzz
5116 ==> 
5117 ==> 
5118 ==> Buzz
5119 ==> 
5120 ==> Fizz
5121 ==> Buzz
5122 ==> 
5123 ==> 
5124 ==> Buzz
5125 ==> 
5126 ==> 
5127 ==> Buzz
5128 ==> Fizz
5129 ==> 
5130 ==> Buzz
5131 ==> 
5132 ==> 
5133 ==> Buzz
5134 ==> 
5135 ==> 
5136 ==> BuzzFizz
5137 ==> 
5138 ==> 
5139 ==> Buzz
5140 ==> 
5141 ==> 
5142 ==> Buzz
5143 ==> 
5144 ==> Fizz
5145 ==> Buzz
5146 ==> 
5147 ==> 
5148 ==> Buzz
5149 ==> 
5150 ==> 
5151 ==> Buzz
5152 ==> Fizz
5153 ==> 
5154 ==> Buzz
5155 ==> 
5156 ==> 
5157 ==> Buzz
5158 ==> 
5159 ==> 
5160 ==> BuzzFizz
5161 ==> 
5162 ==> 
5163 ==> Buzz
5164 ==> 
5165 ==> 
5166 ==> Buzz
5167 ==> 
5168 ==> Fizz
5169 ==> Buzz
5170 ==> 
5171 ==> 
5172 ==> Buzz
5173 ==> 
5174 ==> 
5175 ==> Buzz
5176 ==> Fizz
5177 ==> 
5178 ==> Buzz
5179 ==> 
5180 ==> 
5181 ==> Buzz
5182 ==> 
5183 ==> 
5184 ==> BuzzFizz
5185 ==> 
5186 ==> 
5187 ==> Buzz
5188 ==> 
5189 ==> 
5190 ==> Buzz
5191 ==> 
5192 ==> Fizz
5193 ==> Buzz
5194 ==> 
5195 ==> 
5196 ==> Buzz
5197 ==> 
5198 ==> 
5199 ==> Buzz
5200 ==> Fizz
5201 ==> 
5202 ==> Buzz
5203 ==> 
5204 ==> 
5205 ==> Buzz
5206 ==> 
5207 ==> 
5208 ==> BuzzFizz
5209 ==> 
5210 ==> 
5211 ==> Buzz
5212 ==> 
5213 ==> 
5214 ==> Buzz
5215 ==> 
5216 ==> Fizz
5217 ==> Buzz
5218 ==> 
5219 ==> 
5220 ==> Buzz
5221 ==> 
5222 ==> 
5223 ==> Buzz
5224 ==> Fizz
5225 ==> 
5226 ==> Buzz
5227 ==> 
5228 ==> 
5229 ==> Buzz
5230 ==> 
5231 ==> 
5232 ==> BuzzFizz
5233 ==> 
5234 ==> 
5235 ==> Buzz
5236 ==> 
5237 ==> 
5238 ==> Buzz
5239 ==> 
5240 ==> Fizz
5241 ==> Buzz
5242 ==> 
5243 ==> 
5244 ==> Buzz
5245 ==> 
5246 ==> 
5247 ==> Buzz
5248 ==> Fizz
5249 ==> 
5250 ==> Buzz
5251 ==> 
5252 ==> 
5253 ==> Buzz
5254 ==> 
5255 ==> 
5256 ==> BuzzFizz
5257 ==> 
5258 ==> 
5259 ==> Buzz
5260 ==> 
5261 ==> 
5262 ==> Buzz
5263 ==> 
5264 ==> Fizz
5265 ==> Buzz
5266 ==> 
5267 ==> 
5268 ==> Buzz
5269 ==> 
5270 ==> 
5271 ==> Buzz
5272 ==> Fizz
5273 ==> 
5274 ==> Buzz
5275 ==> 
5276 ==> 
5277 ==> Buzz
5278 ==> 
5279 ==> 
5280 ==> BuzzFizz
5281 ==> 
5282 ==> 
5283 ==> Buzz
5284 ==> 
5285 ==> 
5286 ==> Buzz
5287 ==> 
5288 ==> Fizz
5289 ==> Buzz
5290 ==> 
5291 ==> 
5292 ==> Buzz
5293 ==> 
5294 ==> 
5295 ==> Buzz
5296 ==> Fizz
5297 ==> 
5298 ==> Buzz
5299 ==> 
5300 ==> 
5301 ==> Buzz
5302 ==> 
5303 ==> 
5304 ==> BuzzFizz
5305 ==> 
5306 ==> 
5307 ==> Buzz
5308 ==> 
5309 ==> 
5310 ==> Buzz
5311 ==> 
5312 ==> Fizz
5313 ==> Buzz
5314 ==> 
5315 ==> 
5316 ==> Buzz
5317 ==> 
5318 ==> 
5319 ==> Buzz
5320 ==> Fizz
5321 ==> 
5322 ==> Buzz
5323 ==> 
5324 ==> 
5325 ==> Buzz
5326 ==> 
5327 ==> 
5328 ==> BuzzFizz
5329 ==> 
5330 ==> 
5331 ==> Buzz
5332 ==> 
5333 ==> 
5334 ==> Buzz
5335 ==> 
5336 ==> Fizz
5337 ==> Buzz
5338 ==> 
5339 ==> 
5340 ==> Buzz
5341 ==> 
5342 ==> 
5343 ==> Buzz
5344 ==> Fizz
5345 ==> 
5346 ==> Buzz
5347 ==> 
5348 ==> 
5349 ==> Buzz
5350 ==> 
5351 ==> 
5352 ==> BuzzFizz
5353 ==> 
5354 ==> 
5355 ==> Buzz
5356 ==> 
5357 ==> 
5358 ==> Buzz
5359 ==> 
5360 ==> Fizz
5361 ==> Buzz
5362 ==> 
5363 ==> 
5364 ==> Buzz
5365 ==> 
5366 ==> 
5367 ==> Buzz
5368 ==> Fizz
5369 ==> 
5370 ==> Buzz
5371 ==> 
5372 ==> 
5373 ==> Buzz
5374 ==> 
5375 ==> 
5376 ==> BuzzFizz
5377 ==> 
5378 ==> 
5379 ==> Buzz
5380 ==> 
5381 ==> 
5382 ==> Buzz
5383 ==> 
5384 ==> Fizz
5385 ==> Buzz
5386 ==> 
5387 ==> 
5388 ==> Buzz
5389 ==> 
5390 ==> 
5391 ==> Buzz
5392 ==> Fizz
5393 ==> 
5394 ==> Buzz
5395 ==> 
5396 ==> 
5397 ==> Buzz
5398 ==> 
5399 ==> 
5400 ==> BuzzFizz
5401 ==> 
5402 ==> 
5403 ==> Buzz
5404 ==> 
5405 ==> 
5406 ==> Buzz
5407 ==> 
5408 ==> Fizz
5409 ==> Buzz
5410 ==> 
5411 ==> 
5412 ==> Buzz
5413 ==> 
5414 ==> 
5415 ==> Buzz
5416 ==> Fizz
5417 ==> 
5418 ==> Buzz
5419 ==> 
5420 ==> 
5421 ==> Buzz
5422 ==> 
5423 ==> 
5424 ==> BuzzFizz
5425 ==> 
5426 ==> 
5427 ==> Buzz
5428 ==> 
5429 ==> 
5430 ==> Buzz
5431 ==> 
5432 ==> Fizz
5433 ==> Buzz
5434 ==> 
5435 ==> 
5436 ==> Buzz
5437 ==> 
5438 ==> 
5439 ==> Buzz
5440 ==> Fizz
5441 ==> 
5442 ==> Buzz
5443 ==> 
5444 ==> 
5445 ==> Buzz
5446 ==> 
5447 ==> 
5448 ==> BuzzFizz
5449 ==> 
5450 ==> 
5451 ==> Buzz
5452 ==> 
5453 ==> 
5454 ==> Buzz
5455 ==> 
5456 ==> Fizz
5457 ==> Buzz
5458 ==> 
5459 ==> 
5460 ==> Buzz
5461 ==> 
5462 ==> 
5463 ==> Buzz
5464 ==> Fizz
5465 ==> 
5466 ==> Buzz
5467 ==> 
5468 ==> 
5469 ==> Buzz
5470 ==> 
5471 ==> 
5472 ==> BuzzFizz
5473 ==> 
5474 ==> 
5475 ==> Buzz
5476 ==> 
5477 ==> 
5478 ==> Buzz
5479 ==> 
5480 ==> Fizz
5481 ==> Buzz
5482 ==> 
5483 ==> 
5484 ==> Buzz
5485 ==> 
5486 ==> 
5487 ==> Buzz
5488 ==> Fizz
5489 ==> 
5490 ==> Buzz
5491 ==> 
5492 ==> 
5493 ==> Buzz
5494 ==> 
5495 ==> 
5496 ==> BuzzFizz
5497 ==> 
5498 ==> 
5499 ==> Buzz
5500 ==> 
5501 ==> 
5502 ==> Buzz
5503 ==> 
5504 ==> Fizz
5505 ==> Buzz
5506 ==> 
5507 ==> 
5508 ==> Buzz
5509 ==> 
5510 ==> 
5511 ==> Buzz
5512 ==> Fizz
5513 ==> 
5514 ==> Buzz
5515 ==> 
5516 ==> 
5517 ==> Buzz
5518 ==> 
5519 ==> 
5520 ==> BuzzFizz
5521 ==> 
5522 ==> 
5523 ==> Buzz
5524 ==> 
5525 ==> 
5526 ==> Buzz
5527 ==> 
5528 ==> Fizz
5529 ==> Buzz
5530 ==> 
5531 ==> 
5532 ==> Buzz
5533 ==> 
5534 ==> 
5535 ==> Buzz
5536 ==> Fizz
5537 ==> 
5538 ==> Buzz
5539 ==> 
5540 ==> 
5541 ==> Buzz
5542 ==> 
5543 ==> 
5544 ==> BuzzFizz
5545 ==> 
5546 ==> 
5547 ==> Buzz
5548 ==> 
5549 ==> 
5550 ==> Buzz
5551 ==> 
5552 ==> Fizz
5553 ==> Buzz
5554 ==> 
5555 ==> 
5556 ==> Buzz
5557 ==> 
5558 ==> 
5559 ==> Buzz
5560 ==> Fizz
5561 ==> 
5562 ==> Buzz
5563 ==> 
5564 ==> 
5565 ==> Buzz
5566 ==> 
5567 ==> 
5568 ==> BuzzFizz
5569 ==> 
5570 ==> 
5571 ==> Buzz
5572 ==> 
5573 ==> 
5574 ==> Buzz
5575 ==> 
5576 ==> Fizz
5577 ==> Buzz
5578 ==> 
5579 ==> 
5580 ==> Buzz
5581 ==> 
5582 ==> 
5583 ==> Buzz
5584 ==> Fizz
5585 ==> 
5586 ==> Buzz
5587 ==> 
5588 ==> 
5589 ==> Buzz
5590 ==> 
5591 ==> 
5592 ==> BuzzFizz
5593 ==> 
5594 ==> 
5595 ==> Buzz
5596 ==> 
5597 ==> 
5598 ==> Buzz
5599 ==> 
5600 ==> Fizz
5601 ==> Buzz
5602 ==> 
5603 ==> 
5604 ==> Buzz
5605 ==> 
5606 ==> 
5607 ==> Buzz
5608 ==> Fizz
5609 ==> 
5610 ==> Buzz
5611 ==> 
5612 ==> 
5613 ==> Buzz
5614 ==> 
5615 ==> 
5616 ==> BuzzFizz
5617 ==> 
5618 ==> 
5619 ==> Buzz
5620 ==> 
5621 ==> 
5622 ==> Buzz
5623 ==> 
5624 ==> Fizz
5625 ==> Buzz
5626 ==> 
5627 ==> 
5628 ==> Buzz
5629 ==> 
5630 ==> 
5631 ==> Buzz
5632 ==> Fizz
5633 ==> 
5634 ==> Buzz
5635 ==> 
5636 ==> 
5637 ==> Buzz
5638 ==> 
5639 ==> 
5640 ==> BuzzFizz
5641 ==> 
5642 ==> 
5643 ==> Buzz
5644 ==> 
5645 ==> 
5646 ==> Buzz
5647 ==> 
5648 ==> Fizz
5649 ==> Buzz
5650 ==> 
5651 ==> 
5652 ==> Buzz
5653 ==> 
5654 ==> 
5655 ==> Buzz
5656 ==> Fizz
5657 ==> 
5658 ==> Buzz
5659 ==> 
5660 ==> 
5661 ==> Buzz
5662 ==> 
5663 ==> 
5664 ==> BuzzFizz
5665 ==> 
5666 ==> 
5667 ==> Buzz
5668 ==> 
5669 ==> 
5670 ==> Buzz
5671 ==> 
5672 ==> Fizz
5673 ==> Buzz
5674 ==> 
5675 ==> 
5676 ==> Buzz
5677 ==> 
5678 ==> 
5679 ==> Buzz
5680 ==> Fizz
5681 ==> 
5682 ==> Buzz
5683 ==> 
5684 ==> 
5685 ==> Buzz
5686 ==> 
5687 ==> 
5688 ==> BuzzFizz
5689 ==> 
5690 ==> 
5691 ==> Buzz
5692 ==> 
5693 ==> 
5694 ==> Buzz
5695 ==> 
5696 ==> Fizz
5697 ==> Buzz
5698 ==> 
5699 ==> 
5700 ==> Buzz
5701 ==> 
5702 ==> 
5703 ==> Buzz
5704 ==> Fizz
5705 ==> 
5706 ==> Buzz
5707 ==> 
5708 ==> 
5709 ==> Buzz
5710 ==> 
5711 ==> 
5712 ==> BuzzFizz
5713 ==> 
5714 ==> 
5715 ==> Buzz
5716 ==> 
5717 ==> 
5718 ==> Buzz
5719 ==> 
5720 ==> Fizz
5721 ==> Buzz
5722 ==> 
5723 ==> 
5724 ==> Buzz
5725 ==> 
5726 ==> 
5727 ==> Buzz
5728 ==> Fizz
5729 ==> 
5730 ==> Buzz
5731 ==> 
5732 ==> 
5733 ==> Buzz
5734 ==> 
5735 ==> 
5736 ==> BuzzFizz
5737 ==> 
5738 ==> 
5739 ==> Buzz
5740 ==> 
5741 ==> 
5742 ==> Buzz
5743 ==> 
5744 ==> Fizz
5745 ==> Buzz
5746 ==> 
5747 ==> 
5748 ==> Buzz
5749 ==> 
5750 ==> 
5751 ==> Buzz
5752 ==> Fizz
5753 ==> 
5754 ==> Buzz
5755 ==> 
5756 ==> 
5757 ==> Buzz
5758 ==> 
5759 ==> 
5760 ==> BuzzFizz
5761 ==> 
5762 ==> 
5763 ==> Buzz
5764 ==> 
5765 ==> 
5766 ==> Buzz
5767 ==> 
5768 ==> Fizz
5769 ==> Buzz
5770 ==> 
5771 ==> 
5772 ==> Buzz
5773 ==> 
5774 ==> 
5775 ==> Buzz
5776 ==> Fizz
5777 ==> 
5778 ==> Buzz
5779 ==> 
5780 ==> 
5781 ==> Buzz
5782 ==> 
5783 ==> 
5784 ==> BuzzFizz
5785 ==> 
5786 ==> 
5787 ==> Buzz
5788 ==> 
5789 ==> 
5790 ==> Buzz
5791 ==> 
5792 ==> Fizz
5793 ==> Buzz
5794 ==> 
5795 ==> 
5796 ==> Buzz
5797 ==> 
5798 ==> 
5799 ==> Buzz
5800 ==> Fizz
5801 ==> 
5802 ==> Buzz
5803 ==> 
5804 ==> 
5805 ==> Buzz
5806 ==> 
5807 ==> 
5808 ==> BuzzFizz
5809 ==> 
5810 ==> 
5811 ==> Buzz
5812 ==> 
5813 ==> 
5814 ==> Buzz
5815 ==> 
5816 ==> Fizz
5817 ==> Buzz
5818 ==> 
5819 ==> 
5820 ==> Buzz
5821 ==> 
5822 ==> 
5823 ==> Buzz
5824 ==> Fizz
5825 ==> 
5826 ==> Buzz
5827 ==> 
5828 ==> 
5829 ==> Buzz
5830 ==> 
5831 ==> 
5832 ==> BuzzFizz
5833 ==> 
5834 ==> 
5835 ==> Buzz
5836 ==> 
5837 ==> 
5838 ==> Buzz
5839 ==> 
5840 ==> Fizz
5841 ==> Buzz
5842 ==> 
5843 ==> 
5844 ==> Buzz
5845 ==> 
5846 ==> 
5847 ==> Buzz
5848 ==> Fizz
5849 ==> 
5850 ==> Buzz
5851 ==> 
5852 ==> 
5853 ==> Buzz
5854 ==> 
5855 ==> 
5856 ==> BuzzFizz
5857 ==> 
5858 ==> 
5859 ==> Buzz
5860 ==> 
5861 ==> 
5862 ==> Buzz
5863 ==> 
5864 ==> Fizz
5865 ==> Buzz
5866 ==> 
5867 ==> 
5868 ==> Buzz
5869 ==> 
5870 ==> 
5871 ==> Buzz
5872 ==> Fizz
5873 ==> 
5874 ==> Buzz
5875 ==> 
5876 ==> 
5877 ==> Buzz
5878 ==> 
5879 ==> 
5880 ==> BuzzFizz
5881 ==> 
5882 ==> 
5883 ==> Buzz
5884 ==> 
5885 ==> 
5886 ==> Buzz
5887 ==> 
5888 ==> Fizz
5889 ==> Buzz
5890 ==> 
5891 ==> 
5892 ==> Buzz
5893 ==> 
5894 ==> 
5895 ==> Buzz
5896 ==> Fizz
5897 ==> 
5898 ==> Buzz
5899 ==> 
5900 ==> 
5901 ==> Buzz
5902 ==> 
5903 ==> 
5904 ==> BuzzFizz
5905 ==> 
5906 ==> 
5907 ==> Buzz
5908 ==> 
5909 ==> 
5910 ==> Buzz
5911 ==> 
5912 ==> Fizz
5913 ==> Buzz
5914 ==> 
5915 ==> 
5916 ==> Buzz
5917 ==> 
5918 ==> 
5919 ==> Buzz
5920 ==> Fizz
5921 ==> 
5922 ==> Buzz
5923 ==> 
5924 ==> 
5925 ==> Buzz
5926 ==> 
5927 ==> 
5928 ==> BuzzFizz
5929 ==> 
5930 ==> 
5931 ==> Buzz
5932 ==> 
5933 ==> 
5934 ==> Buzz
5935 ==> 
5936 ==> Fizz
5937 ==> Buzz
5938 ==> 
5939 ==> 
5940 ==> Buzz
5941 ==> 
5942 ==> 
5943 ==> Buzz
5944 ==> Fizz
5945 ==> 
5946 ==> Buzz
5947 ==> 
5948 ==> 
5949 ==> Buzz
5950 ==> 
5951 ==> 
5952 ==> BuzzFizz
5953 ==> 
5954 ==> 
5955 ==> Buzz
5956 ==> 
5957 ==> 
5958 ==> Buzz
5959 ==> 
5960 ==> Fizz
5961 ==> Buzz
5962 ==> 
5963 ==> 
5964 ==> Buzz
5965 ==> 
5966 ==> 
5967 ==> Buzz
5968 ==> Fizz
5969 ==> 
5970 ==> Buzz
5971 ==> 
5972 ==> 
5973 ==> Buzz
5974 ==> 
5975 ==> 
5976 ==> BuzzFizz
5977 ==> 
5978 ==> 
5979 ==> Buzz
5980 ==> 
5981 ==> 
5982 ==> Buzz
5983 ==> 
5984 ==> Fizz
5985 ==> Buzz
5986 ==> 
5987 ==> 
5988 ==> Buzz
5989 ==> 
5990 ==> 
5991 ==> Buzz
5992 ==> Fizz
5993 ==> 
5994 ==> Buzz
5995 ==> 
5996 ==> 
5997 ==> Buzz
5998 ==> 
5999 ==> 
6000 ==> BuzzFizz
6001 ==> 
6002 ==> 
6003 ==> Buzz
6004 ==> 
6005 ==> 
6006 ==> Buzz
6007 ==> 
6008 ==> Fizz
6009 ==> Buzz
6010 ==> 
6011 ==> 
6012 ==> Buzz
6013 ==> 
6014 ==> 
6015 ==> Buzz
6016 ==> Fizz
6017 ==> 
6018 ==> Buzz
6019 ==> 
6020 ==> 
6021 ==> Buzz
6022 ==> 
6023 ==> 
6024 ==> BuzzFizz
6025 ==> 
6026 ==> 
6027 ==> Buzz
6028 ==> 
6029 ==> 
6030 ==> Buzz
6031 ==> 
6032 ==> Fizz
6033 ==> Buzz
6034 ==> 
6035 ==> 
6036 ==> Buzz
6037 ==> 
6038 ==> 
6039 ==> Buzz
6040 ==> Fizz
6041 ==> 
6042 ==> Buzz
6043 ==> 
6044 ==> 
6045 ==> Buzz
6046 ==> 
6047 ==> 
6048 ==> BuzzFizz
6049 ==> 
6050 ==> 
6051 ==> Buzz
6052 ==> 
6053 ==> 
6054 ==> Buzz
6055 ==> 
6056 ==> Fizz
6057 ==> Buzz
6058 ==> 
6059 ==> 
6060 ==> Buzz
6061 ==> 
6062 ==> 
6063 ==> Buzz
6064 ==> Fizz
6065 ==> 
6066 ==> Buzz
6067 ==> 
6068 ==> 
6069 ==> Buzz
6070 ==> 
6071 ==> 
6072 ==> BuzzFizz
6073 ==> 
6074 ==> 
6075 ==> Buzz
6076 ==> 
6077 ==> 
6078 ==> Buzz
6079 ==> 
6080 ==> Fizz
6081 ==> Buzz
6082 ==> 
6083 ==> 
6084 ==> Buzz
6085 ==> 
6086 ==> 
6087 ==> Buzz
6088 ==> Fizz
6089 ==> 
6090 ==> Buzz
6091 ==> 
6092 ==> 
6093 ==> Buzz
6094 ==> 
6095 ==> 
6096 ==> BuzzFizz
6097 ==> 
6098 ==> 
6099 ==> Buzz
6100 ==> 
6101 ==> 
6102 ==> Buzz
6103 ==> 
6104 ==> Fizz
6105 ==> Buzz
6106 ==> 
6107 ==> 
6108 ==> Buzz
6109 ==> 
6110 ==> 
6111 ==> Buzz
6112 ==> Fizz
6113 ==> 
6114 ==> Buzz
6115 ==> 
6116 ==> 
6117 ==> Buzz
6118 ==> 
6119 ==> 
6120 ==> BuzzFizz
6121 ==> 
6122 ==> 
6123 ==> Buzz
6124 ==> 
6125 ==> 
6126 ==> Buzz
6127 ==> 
6128 ==> Fizz
6129 ==> Buzz
6130 ==> 
6131 ==> 
6132 ==> Buzz
6133 ==> 
6134 ==> 
6135 ==> Buzz
6136 ==> Fizz
6137 ==> 
6138 ==> Buzz
6139 ==> 
6140 ==> 
6141 ==> Buzz
6142 ==> 
6143 ==> 
6144 ==> BuzzFizz
6145 ==> 
6146 ==> 
6147 ==> Buzz
6148 ==> 
6149 ==> 
6150 ==> Buzz
6151 ==> 
6152 ==> Fizz
6153 ==> Buzz
6154 ==> 
6155 ==> 
6156 ==> Buzz
6157 ==> 
6158 ==> 
6159 ==> Buzz
6160 ==> Fizz
6161 ==> 
6162 ==> Buzz
6163 ==> 
6164 ==> 
6165 ==> Buzz
6166 ==> 
6167 ==> 
6168 ==> BuzzFizz
6169 ==> 
6170 ==> 
6171 ==> Buzz
6172 ==> 
6173 ==> 
6174 ==> Buzz
6175 ==> 
6176 ==> Fizz
6177 ==> Buzz
6178 ==> 
6179 ==> 
6180 ==> Buzz
6181 ==> 
6182 ==> 
6183 ==> Buzz
6184 ==> Fizz
6185 ==> 
6186 ==> Buzz
6187 ==> 
6188 ==> 
6189 ==> Buzz
6190 ==> 
6191 ==> 
6192 ==> BuzzFizz
6193 ==> 
6194 ==> 
6195 ==> Buzz
6196 ==> 
6197 ==> 
6198 ==> Buzz
6199 ==> 
6200 ==> Fizz
6201 ==> Buzz
6202 ==> 
6203 ==> 
6204 ==> Buzz
6205 ==> 
6206 ==> 
6207 ==> Buzz
6208 ==> Fizz
6209 ==> 
6210 ==> Buzz
6211 ==> 
6212 ==> 
6213 ==> Buzz
6214 ==> 
6215 ==> 
6216 ==> BuzzFizz
6217 ==> 
6218 ==> 
6219 ==> Buzz
6220 ==> 
6221 ==> 
6222 ==> Buzz
6223 ==> 
6224 ==> Fizz
6225 ==> Buzz
6226 ==> 
6227 ==> 
6228 ==> Buzz
6229 ==> 
6230 ==> 
6231 ==> Buzz
6232 ==> Fizz
6233 ==> 
6234 ==> Buzz
6235 ==> 
6236 ==> 
6237 ==> Buzz
6238 ==> 
6239 ==> 
6240 ==> BuzzFizz
6241 ==> 
6242 ==> 
6243 ==> Buzz
6244 ==> 
6245 ==> 
6246 ==> Buzz
6247 ==> 
6248 ==> Fizz
6249 ==> Buzz
6250 ==> 
6251 ==> 
6252 ==> Buzz
6253 ==> 
6254 ==> 
6255 ==> Buzz
6256 ==> Fizz
6257 ==> 
6258 ==> Buzz
6259 ==> 
6260 ==> 
6261 ==> Buzz
6262 ==> 
6263 ==> 
6264 ==> BuzzFizz
6265 ==> 
6266 ==> 
6267 ==> Buzz
6268 ==> 
6269 ==> 
6270 ==> Buzz
6271 ==> 
6272 ==> Fizz
6273 ==> Buzz
6274 ==> 
6275 ==> 
6276 ==> Buzz
6277 ==> 
6278 ==> 
6279 ==> Buzz
6280 ==> Fizz
6281 ==> 
6282 ==> Buzz
6283 ==> 
6284 ==> 
6285 ==> Buzz
6286 ==> 
6287 ==> 
6288 ==> BuzzFizz
6289 ==> 
6290 ==> 
6291 ==> Buzz
6292 ==> 
6293 ==> 
6294 ==> Buzz
6295 ==> 
6296 ==> Fizz
6297 ==> Buzz
6298 ==> 
6299 ==> 
6300 ==> Buzz
6301 ==> 
6302 ==> 
6303 ==> Buzz
6304 ==> Fizz
6305 ==> 
6306 ==> Buzz
6307 ==> 
6308 ==> 
6309 ==> Buzz
6310 ==> 
6311 ==> 
6312 ==> BuzzFizz
6313 ==> 
6314 ==> 
6315 ==> Buzz
6316 ==> 
6317 ==> 
6318 ==> Buzz
6319 ==> 
6320 ==> Fizz
6321 ==> Buzz
6322 ==> 
6323 ==> 
6324 ==> Buzz
6325 ==> 
6326 ==> 
6327 ==> Buzz
6328 ==> Fizz
6329 ==> 
6330 ==> Buzz
6331 ==> 
6332 ==> 
6333 ==> Buzz
6334 ==> 
6335 ==> 
6336 ==> BuzzFizz
6337 ==> 
6338 ==> 
6339 ==> Buzz
6340 ==> 
6341 ==> 
6342 ==> Buzz
6343 ==> 
6344 ==> Fizz
6345 ==> Buzz
6346 ==> 
6347 ==> 
6348 ==> Buzz
6349 ==> 
6350 ==> 
6351 ==> Buzz
6352 ==> Fizz
6353 ==> 
6354 ==> Buzz
6355 ==> 
6356 ==> 
6357 ==> Buzz
6358 ==> 
6359 ==> 
6360 ==> BuzzFizz
6361 ==> 
6362 ==> 
6363 ==> Buzz
6364 ==> 
6365 ==> 
6366 ==> Buzz
6367 ==> 
6368 ==> Fizz
6369 ==> Buzz
6370 ==> 
6371 ==> 
6372 ==> Buzz
6373 ==> 
6374 ==> 
6375 ==> Buzz
6376 ==> Fizz
6377 ==> 
6378 ==> Buzz
6379 ==> 
6380 ==> 
6381 ==> Buzz
6382 ==> 
6383 ==> 
6384 ==> BuzzFizz
6385 ==> 
6386 ==> 
6387 ==> Buzz
6388 ==> 
6389 ==> 
6390 ==> Buzz
6391 ==> 
6392 ==> Fizz
6393 ==> Buzz
6394 ==> 
6395 ==> 
6396 ==> Buzz
6397 ==> 
6398 ==> 
6399 ==> Buzz
6400 ==> Fizz
6401 ==> 
6402 ==> Buzz
6403 ==> 
6404 ==> 
6405 ==> Buzz
6406 ==> 
6407 ==> 
6408 ==> BuzzFizz
6409 ==> 
6410 ==> 
6411 ==> Buzz
6412 ==> 
6413 ==> 
6414 ==> Buzz
6415 ==> 
6416 ==> Fizz
6417 ==> Buzz
6418 ==> 
6419 ==> 
6420 ==> Buzz
6421 ==> 
6422 ==> 
6423 ==> Buzz
6424 ==> Fizz
6425 ==> 
6426 ==> Buzz
6427 ==> 
6428 ==> 
6429 ==> Buzz
6430 ==> 
6431 ==> 
6432 ==> BuzzFizz
6433 ==> 
6434 ==> 
6435 ==> Buzz
6436 ==> 
6437 ==> 
6438 ==> Buzz
6439 ==> 
6440 ==> Fizz
6441 ==> Buzz
6442 ==> 
6443 ==> 
6444 ==> Buzz
6445 ==> 
6446 ==> 
6447 ==> Buzz
6448 ==> Fizz
6449 ==> 
6450 ==> Buzz
6451 ==> 
6452 ==> 
6453 ==> Buzz
6454 ==> 
6455 ==> 
6456 ==> BuzzFizz
6457 ==> 
6458 ==> 
6459 ==> Buzz
6460 ==> 
6461 ==> 
6462 ==> Buzz
6463 ==> 
6464 ==> Fizz
6465 ==> Buzz
6466 ==> 
6467 ==> 
6468 ==> Buzz
6469 ==> 
6470 ==> 
6471 ==> Buzz
6472 ==> Fizz
6473 ==> 
6474 ==> Buzz
6475 ==> 
6476 ==> 
6477 ==> Buzz
6478 ==> 
6479 ==> 
6480 ==> BuzzFizz
6481 ==> 
6482 ==> 
6483 ==> Buzz
6484 ==> 
6485 ==> 
6486 ==> Buzz
6487 ==> 
6488 ==> Fizz
6489 ==> Buzz
6490 ==> 
6491 ==> 
6492 ==> Buzz
6493 ==> 
6494 ==> 
6495 ==> Buzz
6496 ==> Fizz
6497 ==> 
6498 ==> Buzz
6499 ==> 
6500 ==> 
6501 ==> Buzz
6502 ==> 
6503 ==> 
6504 ==> BuzzFizz
6505 ==> 
6506 ==> 
6507 ==> Buzz
6508 ==> 
6509 ==> 
6510 ==> Buzz
6511 ==> 
6512 ==> Fizz
6513 ==> Buzz
6514 ==> 
6515 ==> 
6516 ==> Buzz
6517 ==> 
6518 ==> 
6519 ==> Buzz
6520 ==> Fizz
6521 ==> 
6522 ==> Buzz
6523 ==> 
6524 ==> 
6525 ==> Buzz
6526 ==> 
6527 ==> 
6528 ==> BuzzFizz
6529 ==> 
6530 ==> 
6531 ==> Buzz
6532 ==> 
6533 ==> 
6534 ==> Buzz
6535 ==> 
6536 ==> Fizz
6537 ==> Buzz
6538 ==> 
6539 ==> 
6540 ==> Buzz
6541 ==> 
6542 ==> 
6543 ==> Buzz
6544 ==> Fizz
6545 ==> 
6546 ==> Buzz
6547 ==> 
6548 ==> 
6549 ==> Buzz
6550 ==> 
6551 ==> 
6552 ==> BuzzFizz
6553 ==> 
6554 ==> 
6555 ==> Buzz
6556 ==> 
6557 ==> 
6558 ==> Buzz
6559 ==> 
6560 ==> Fizz
6561 ==> Buzz
6562 ==> 
6563 ==> 
6564 ==> Buzz
6565 ==> 
6566 ==> 
6567 ==> Buzz
6568 ==> Fizz
6569 ==> 
6570 ==> Buzz
6571 ==> 
6572 ==> 
6573 ==> Buzz
6574 ==> 
6575 ==> 
6576 ==> BuzzFizz
6577 ==> 
6578 ==> 
6579 ==> Buzz
6580 ==> 
6581 ==> 
6582 ==> Buzz
6583 ==> 
6584 ==> Fizz
6585 ==> Buzz
6586 ==> 
6587 ==> 
6588 ==> Buzz
6589 ==> 
6590 ==> 
6591 ==> Buzz
6592 ==> Fizz
6593 ==> 
6594 ==> Buzz
6595 ==> 
6596 ==> 
6597 ==> Buzz
6598 ==> 
6599 ==> 
6600 ==> BuzzFizz
6601 ==> 
6602 ==> 
6603 ==> Buzz
6604 ==> 
6605 ==> 
6606 ==> Buzz
6607 ==> 
6608 ==> Fizz
6609 ==> Buzz
6610 ==> 
6611 ==> 
6612 ==> Buzz
6613 ==> 
6614 ==> 
6615 ==> Buzz
6616 ==> Fizz
6617 ==> 
6618 ==> Buzz
6619 ==> 
6620 ==> 
6621 ==> Buzz
6622 ==> 
6623 ==> 
6624 ==> BuzzFizz
6625 ==> 
6626 ==> 
6627 ==> Buzz
6628 ==> 
6629 ==> 
6630 ==> Buzz
6631 ==> 
6632 ==> Fizz
6633 ==> Buzz
6634 ==> 
6635 ==> 
6636 ==> Buzz
6637 ==> 
6638 ==> 
6639 ==> Buzz
6640 ==> Fizz
6641 ==> 
6642 ==> Buzz
6643 ==> 
6644 ==> 
6645 ==> Buzz
6646 ==> 
6647 ==> 
6648 ==> BuzzFizz
6649 ==> 
6650 ==> 
6651 ==> Buzz
6652 ==> 
6653 ==> 
6654 ==> Buzz
6655 ==> 
6656 ==> Fizz
6657 ==> Buzz
6658 ==> 
6659 ==> 
6660 ==> Buzz
6661 ==> 
6662 ==> 
6663 ==> Buzz
6664 ==> Fizz
6665 ==> 
6666 ==> Buzz
6667 ==> 
6668 ==> 
6669 ==> Buzz
6670 ==> 
6671 ==> 
6672 ==> BuzzFizz
6673 ==> 
6674 ==> 
6675 ==> Buzz
6676 ==> 
6677 ==> 
6678 ==> Buzz
6679 ==> 
6680 ==> Fizz
6681 ==> Buzz
6682 ==> 
6683 ==> 
6684 ==> Buzz
6685 ==> 
6686 ==> 
6687 ==> Buzz
6688 ==> Fizz
6689 ==> 
6690 ==> Buzz
6691 ==> 
6692 ==> 
6693 ==> Buzz
6694 ==> 
6695 ==> 
6696 ==> BuzzFizz
6697 ==> 
6698 ==> 
6699 ==> Buzz
6700 ==> 
6701 ==> 
6702 ==> Buzz
6703 ==> 
6704 ==> Fizz
6705 ==> Buzz
6706 ==> 
6707 ==> 
6708 ==> Buzz
6709 ==> 
6710 ==> 
6711 ==> Buzz
6712 ==> Fizz
6713 ==> 
6714 ==> Buzz
6715 ==> 
6716 ==> 
6717 ==> Buzz
6718 ==> 
6719 ==> 
6720 ==> BuzzFizz
6721 ==> 
6722 ==> 
6723 ==> Buzz
6724 ==> 
6725 ==> 
6726 ==> Buzz
6727 ==> 
6728 ==> Fizz
6729 ==> Buzz
6730 ==> 
6731 ==> 
6732 ==> Buzz
6733 ==> 
6734 ==> 
6735 ==> Buzz
6736 ==> Fizz
6737 ==> 
6738 ==> Buzz
6739 ==> 
6740 ==> 
6741 ==> Buzz
6742 ==> 
6743 ==> 
6744 ==> BuzzFizz
6745 ==> 
6746 ==> 
6747 ==> Buzz
6748 ==> 
6749 ==> 
6750 ==> Buzz
6751 ==> 
6752 ==> Fizz
6753 ==> Buzz
6754 ==> 
6755 ==> 
6756 ==> Buzz
6757 ==> 
6758 ==> 
6759 ==> Buzz
6760 ==> Fizz
6761 ==> 
6762 ==> Buzz
6763 ==> 
6764 ==> 
6765 ==> Buzz
6766 ==> 
6767 ==> 
6768 ==> BuzzFizz
6769 ==> 
6770 ==> 
6771 ==> Buzz
6772 ==> 
6773 ==> 
6774 ==> Buzz
6775 ==> 
6776 ==> Fizz
6777 ==> Buzz
6778 ==> 
6779 ==> 
6780 ==> Buzz
6781 ==> 
6782 ==> 
6783 ==> Buzz
6784 ==> Fizz
6785 ==> 
6786 ==> Buzz
6787 ==> 
6788 ==> 
6789 ==> Buzz
6790 ==> 
6791 ==> 
6792 ==> BuzzFizz
6793 ==> 
6794 ==> 
6795 ==> Buzz
6796 ==> 
6797 ==> 
6798 ==> Buzz
6799 ==> 
6800 ==> Fizz
6801 ==> Buzz
6802 ==> 
6803 ==> 
6804 ==> Buzz
6805 ==> 
6806 ==> 
6807 ==> Buzz
6808 ==> Fizz
6809 ==> 
6810 ==> Buzz
6811 ==> 
6812 ==> 
6813 ==> Buzz
6814 ==> 
6815 ==> 
6816 ==> BuzzFizz
6817 ==> 
6818 ==> 
6819 ==> Buzz
6820 ==> 
6821 ==> 
6822 ==> Buzz
6823 ==> 
6824 ==> Fizz
6825 ==> Buzz
6826 ==> 
6827 ==> 
6828 ==> Buzz
6829 ==> 
6830 ==> 
6831 ==> Buzz
6832 ==> Fizz
6833 ==> 
6834 ==> Buzz
6835 ==> 
6836 ==> 
6837 ==> Buzz
6838 ==> 
6839 ==> 
6840 ==> BuzzFizz
6841 ==> 
6842 ==> 
6843 ==> Buzz
6844 ==> 
6845 ==> 
6846 ==> Buzz
6847 ==> 
6848 ==> Fizz
6849 ==> Buzz
6850 ==> 
6851 ==> 
6852 ==> Buzz
6853 ==> 
6854 ==> 
6855 ==> Buzz
6856 ==> Fizz
6857 ==> 
6858 ==> Buzz
6859 ==> 
6860 ==> 
6861 ==> Buzz
6862 ==> 
6863 ==> 
6864 ==> BuzzFizz
6865 ==> 
6866 ==> 
6867 ==> Buzz
6868 ==> 
6869 ==> 
6870 ==> Buzz
6871 ==> 
6872 ==> Fizz
6873 ==> Buzz
6874 ==> 
6875 ==> 
6876 ==> Buzz
6877 ==> 
6878 ==> 
6879 ==> Buzz
6880 ==> Fizz
6881 ==> 
6882 ==> Buzz
6883 ==> 
6884 ==> 
6885 ==> Buzz
6886 ==> 
6887 ==> 
6888 ==> BuzzFizz
6889 ==> 
6890 ==> 
6891 ==> Buzz
6892 ==> 
6893 ==> 
6894 ==> Buzz
6895 ==> 
6896 ==> Fizz
6897 ==> Buzz
6898 ==> 
6899 ==> 
6900 ==> Buzz
6901 ==> 
6902 ==> 
6903 ==> Buzz
6904 ==> Fizz
6905 ==> 
6906 ==> Buzz
6907 ==> 
6908 ==> 
6909 ==> Buzz
6910 ==> 
6911 ==> 
6912 ==> BuzzFizz
6913 ==> 
6914 ==> 
6915 ==> Buzz
6916 ==> 
6917 ==> 
6918 ==> Buzz
6919 ==> 
6920 ==> Fizz
6921 ==> Buzz
6922 ==> 
6923 ==> 
6924 ==> Buzz
6925 ==> 
6926 ==> 
6927 ==> Buzz
6928 ==> Fizz
6929 ==> 
6930 ==> Buzz
6931 ==> 
6932 ==> 
6933 ==> Buzz
6934 ==> 
6935 ==> 
6936 ==> BuzzFizz
6937 ==> 
6938 ==> 
6939 ==> Buzz
6940 ==> 
6941 ==> 
6942 ==> Buzz
6943 ==> 
6944 ==> Fizz
6945 ==> Buzz
6946 ==> 
6947 ==> 
6948 ==> Buzz
6949 ==> 
6950 ==> 
6951 ==> Buzz
6952 ==> Fizz
6953 ==> 
6954 ==> Buzz
6955 ==> 
6956 ==> 
6957 ==> Buzz
6958 ==> 
6959 ==> 
6960 ==> BuzzFizz
6961 ==> 
6962 ==> 
6963 ==> Buzz
6964 ==> 
6965 ==> 
6966 ==> Buzz
6967 ==> 
6968 ==> Fizz
6969 ==> Buzz
6970 ==> 
6971 ==> 
6972 ==> Buzz
6973 ==> 
6974 ==> 
6975 ==> Buzz
6976 ==> Fizz
6977 ==> 
6978 ==> Buzz
6979 ==> 
6980 ==> 
6981 ==> Buzz
6982 ==> 
6983 ==> 
6984 ==> BuzzFizz
6985 ==> 
6986 ==> 
6987 ==> Buzz
6988 ==> 
6989 ==> 
6990 ==> Buzz
6991 ==> 
6992 ==> Fizz
6993 ==> Buzz
6994 ==> 
6995 ==> 
6996 ==> Buzz
6997 ==> 
6998 ==> 
6999 ==> Buzz
7000 ==> Fizz
7001 ==> 
7002 ==> Buzz
7003 ==> 
7004 ==> 
7005 ==> Buzz
7006 ==> 
